2016-02-15 10:00:44 [::1][1][7c708e988e26cb7e8758a1f4fdbed590][error][yii\web\HttpException:405] exception 'yii\web\MethodNotAllowedHttpException' with message 'Method Not Allowed. This url can only handle the following request methods: POST.' in /Applications/MAMP/htdocs/kds-dev/vendor/yiisoft/yii2/filters/VerbFilter.php:105
Stack trace:
#0 [internal function]: yii\filters\VerbFilter->beforeAction(Object(yii\base\ActionEvent))
#1 /Applications/MAMP/htdocs/kds-dev/vendor/yiisoft/yii2/base/Component.php(541): call_user_func(Array, Object(yii\base\ActionEvent))
#2 /Applications/MAMP/htdocs/kds-dev/vendor/yiisoft/yii2/base/Controller.php(269): yii\base\Component->trigger('beforeAction', Object(yii\base\ActionEvent))
#3 /Applications/MAMP/htdocs/kds-dev/vendor/yiisoft/yii2/web/Controller.php(108): yii\base\Controller->beforeAction(Object(yii\base\InlineAction))
#4 /Applications/MAMP/htdocs/kds-dev/vendor/yiisoft/yii2/base/Controller.php(152): yii\web\Controller->beforeAction(Object(yii\base\InlineAction))
#5 /Applications/MAMP/htdocs/kds-dev/vendor/yiisoft/yii2/base/Module.php(454): yii\base\Controller->runAction('logout', Array)
#6 /Applications/MAMP/htdocs/kds-dev/vendor/yiisoft/yii2/web/Application.php(84): yii\base\Module->runAction('site/logout', Array)
#7 /Applications/MAMP/htdocs/kds-dev/vendor/yiisoft/yii2/base/Application.php(375): yii\web\Application->handleRequest(Object(yii\web\Request))
#8 /Applications/MAMP/htdocs/kds-dev/backend/web/index.php(18): yii\base\Application->run()
#9 {main}
2016-02-15 10:00:44 [::1][1][7c708e988e26cb7e8758a1f4fdbed590][info][application] $_GET = [
    'r' => 'site/logout'
]

$_COOKIE = [
    '_csrf' => '317fc150371931fcbeb3a2bbbd7e894edf42b4974492271732cc736568e5507ea:2:{i:0;s:5:\"_csrf\";i:1;s:32:\"CQvzoGauFlhfyQhufeqYDgiFyNev6PO9\";}'
    '_identity' => 'bc2937b62dcbff7283e0f964dc9c7c01976832407e127b5ed01f03bb8fc56282a:2:{i:0;s:9:\"_identity\";i:1;s:46:\"[1,\"wq6FlOY1ZsioNc2FGU01PubMORGIuf5X\",2592000]\";}'
    'PHPSESSID' => '7c708e988e26cb7e8758a1f4fdbed590'
]

$_SESSION = [
    '__flash' => []
    '__returnUrl' => '/kds-dev/backend/web/index.php?r=site%2Flogout'
    '__id' => 1
]

$_SERVER = [
    'HTTP_HOST' => 'localhost'
    'HTTP_CONNECTION' => 'keep-alive'
    'HTTP_CACHE_CONTROL' => 'max-age=0'
    'HTTP_ACCEPT' => 'text/html,application/xhtml+xml,application/xml;q=0.9,image/webp,*/*;q=0.8'
    'HTTP_UPGRADE_INSECURE_REQUESTS' => '1'
    'HTTP_USER_AGENT' => 'Mozilla/5.0 (Macintosh; Intel Mac OS X 10_11_3) AppleWebKit/537.36 (KHTML, like Gecko) Chrome/48.0.2564.109 Safari/537.36'
    'HTTP_REFERER' => 'http://localhost/kds-dev/backend/web/index.php?r=site%2Flogin'
    'HTTP_ACCEPT_ENCODING' => 'gzip, deflate, sdch'
    'HTTP_ACCEPT_LANGUAGE' => 'en-US,en;q=0.8,ms;q=0.6,id;q=0.4'
    'HTTP_COOKIE' => '_csrf=317fc150371931fcbeb3a2bbbd7e894edf42b4974492271732cc736568e5507ea%3A2%3A%7Bi%3A0%3Bs%3A5%3A%22_csrf%22%3Bi%3A1%3Bs%3A32%3A%22CQvzoGauFlhfyQhufeqYDgiFyNev6PO9%22%3B%7D; _identity=bc2937b62dcbff7283e0f964dc9c7c01976832407e127b5ed01f03bb8fc56282a%3A2%3A%7Bi%3A0%3Bs%3A9%3A%22_identity%22%3Bi%3A1%3Bs%3A46%3A%22%5B1%2C%22wq6FlOY1ZsioNc2FGU01PubMORGIuf5X%22%2C2592000%5D%22%3B%7D; PHPSESSID=7c708e988e26cb7e8758a1f4fdbed590'
    'PATH' => '/usr/bin:/bin:/usr/sbin:/sbin'
    'SERVER_SIGNATURE' => ''
    'SERVER_SOFTWARE' => 'Apache'
    'SERVER_NAME' => 'localhost'
    'SERVER_ADDR' => '::1'
    'SERVER_PORT' => '80'
    'REMOTE_ADDR' => '::1'
    'DOCUMENT_ROOT' => '/Applications/MAMP/htdocs'
    'SERVER_ADMIN' => 'you@example.com'
    'SCRIPT_FILENAME' => '/Applications/MAMP/htdocs/kds-dev/backend/web/index.php'
    'REMOTE_PORT' => '64208'
    'GATEWAY_INTERFACE' => 'CGI/1.1'
    'SERVER_PROTOCOL' => 'HTTP/1.1'
    'REQUEST_METHOD' => 'GET'
    'QUERY_STRING' => 'r=site%2Flogout'
    'REQUEST_URI' => '/kds-dev/backend/web/index.php?r=site%2Flogout'
    'SCRIPT_NAME' => '/kds-dev/backend/web/index.php'
    'PHP_SELF' => '/kds-dev/backend/web/index.php'
    'REQUEST_TIME_FLOAT' => 1455501644.47
    'REQUEST_TIME' => 1455501644
    'argv' => [
        0 => 'r=site%2Flogout'
    ]
    'argc' => 1
]
