2016-02-15 09:40:39 [::1][1][8afc9081aad7590eeb64cc1e85d460b1][error][yii\web\HttpException:404] exception 'yii\base\InvalidRouteException' with message 'Unable to resolve the request "people/index".' in /Applications/MAMP/htdocs/kds-dev/vendor/yiisoft/yii2/base/Module.php:460
Stack trace:
#0 /Applications/MAMP/htdocs/kds-dev/vendor/yiisoft/yii2/web/Application.php(84): yii\base\Module->runAction('people/index', Array)
#1 /Applications/MAMP/htdocs/kds-dev/vendor/yiisoft/yii2/base/Application.php(375): yii\web\Application->handleRequest(Object(yii\web\Request))
#2 /Applications/MAMP/htdocs/kds-dev/frontend/web/index.php(18): yii\base\Application->run()
#3 {main}

Next exception 'yii\web\NotFoundHttpException' with message 'Page not found.' in /Applications/MAMP/htdocs/kds-dev/vendor/yiisoft/yii2/web/Application.php:96
Stack trace:
#0 /Applications/MAMP/htdocs/kds-dev/vendor/yiisoft/yii2/base/Application.php(375): yii\web\Application->handleRequest(Object(yii\web\Request))
#1 /Applications/MAMP/htdocs/kds-dev/frontend/web/index.php(18): yii\base\Application->run()
#2 {main}
2016-02-15 09:40:39 [::1][1][8afc9081aad7590eeb64cc1e85d460b1][info][application] $_GET = [
    'r' => 'people/index'
]

$_COOKIE = [
    'PHPSESSID' => '8afc9081aad7590eeb64cc1e85d460b1'
    '_csrf' => 'a6bf6f5510531f7c703a758b20c5c4fdd0e85704c84f78bc69726964214562f9a:2:{i:0;s:5:\"_csrf\";i:1;s:32:\"pGdUCyvPeq2yuXq5rqXZQ1Z_s2oW9vFf\";}'
    '_identity' => 'f206f829b825f4cb1fe0269749c4a5b74c229493eb5affb9a0906350d7d68e28a:2:{i:0;s:9:\"_identity\";i:1;s:46:\"[1,\"wq6FlOY1ZsioNc2FGU01PubMORGIuf5X\",2592000]\";}'
]

$_SESSION = [
    '__flash' => []
    '__captcha/site/captcha' => 'wawigel'
    '__captcha/site/captchacount' => 1
    '__id' => 1
]

$_SERVER = [
    'HTTP_HOST' => 'localhost'
    'HTTP_CONNECTION' => 'keep-alive'
    'HTTP_CACHE_CONTROL' => 'max-age=0'
    'HTTP_ACCEPT' => 'text/html,application/xhtml+xml,application/xml;q=0.9,image/webp,*/*;q=0.8'
    'HTTP_UPGRADE_INSECURE_REQUESTS' => '1'
    'HTTP_USER_AGENT' => 'Mozilla/5.0 (Macintosh; Intel Mac OS X 10_11_3) AppleWebKit/537.36 (KHTML, like Gecko) Chrome/48.0.2564.109 Safari/537.36'
    'HTTP_REFERER' => 'http://localhost/kds-dev/frontend/web/index.php'
    'HTTP_ACCEPT_ENCODING' => 'gzip, deflate, sdch'
    'HTTP_ACCEPT_LANGUAGE' => 'en-US,en;q=0.8,ms;q=0.6,id;q=0.4'
    'HTTP_COOKIE' => 'PHPSESSID=8afc9081aad7590eeb64cc1e85d460b1; _csrf=a6bf6f5510531f7c703a758b20c5c4fdd0e85704c84f78bc69726964214562f9a%3A2%3A%7Bi%3A0%3Bs%3A5%3A%22_csrf%22%3Bi%3A1%3Bs%3A32%3A%22pGdUCyvPeq2yuXq5rqXZQ1Z_s2oW9vFf%22%3B%7D; _identity=f206f829b825f4cb1fe0269749c4a5b74c229493eb5affb9a0906350d7d68e28a%3A2%3A%7Bi%3A0%3Bs%3A9%3A%22_identity%22%3Bi%3A1%3Bs%3A46%3A%22%5B1%2C%22wq6FlOY1ZsioNc2FGU01PubMORGIuf5X%22%2C2592000%5D%22%3B%7D'
    'PATH' => '/usr/bin:/bin:/usr/sbin:/sbin'
    'SERVER_SIGNATURE' => ''
    'SERVER_SOFTWARE' => 'Apache'
    'SERVER_NAME' => 'localhost'
    'SERVER_ADDR' => '::1'
    'SERVER_PORT' => '80'
    'REMOTE_ADDR' => '::1'
    'DOCUMENT_ROOT' => '/Applications/MAMP/htdocs'
    'SERVER_ADMIN' => 'you@example.com'
    'SCRIPT_FILENAME' => '/Applications/MAMP/htdocs/kds-dev/frontend/web/index.php'
    'REMOTE_PORT' => '49868'
    'GATEWAY_INTERFACE' => 'CGI/1.1'
    'SERVER_PROTOCOL' => 'HTTP/1.1'
    'REQUEST_METHOD' => 'GET'
    'QUERY_STRING' => 'r=people%2Findex'
    'REQUEST_URI' => '/kds-dev/frontend/web/index.php?r=people%2Findex'
    'SCRIPT_NAME' => '/kds-dev/frontend/web/index.php'
    'PHP_SELF' => '/kds-dev/frontend/web/index.php'
    'REQUEST_TIME_FLOAT' => 1455500439.24
    'REQUEST_TIME' => 1455500439
    'argv' => [
        0 => 'r=people%2Findex'
    ]
    'argc' => 1
]
2016-02-15 09:46:04 [::1][-][-][error][ReflectionException] exception 'ReflectionException' with message 'Class miloschuman\highcharts\HighchartsAsset does not exist' in /Applications/MAMP/htdocs/kds-dev/vendor/yiisoft/yii2/di/Container.php:417
Stack trace:
#0 /Applications/MAMP/htdocs/kds-dev/vendor/yiisoft/yii2/di/Container.php(417): ReflectionClass->__construct('miloschuman\\hig...')
#1 /Applications/MAMP/htdocs/kds-dev/vendor/yiisoft/yii2/di/Container.php(360): yii\di\Container->getDependencies('miloschuman\\hig...')
#2 /Applications/MAMP/htdocs/kds-dev/vendor/yiisoft/yii2/di/Container.php(153): yii\di\Container->build('miloschuman\\hig...', Array, Array)
#3 /Applications/MAMP/htdocs/kds-dev/vendor/yiisoft/yii2/BaseYii.php(344): yii\di\Container->get('miloschuman\\hig...', Array, Array)
#4 /Applications/MAMP/htdocs/kds-dev/vendor/yiisoft/yii2/web/AssetManager.php(264): yii\BaseYii::createObject(Array)
#5 /Applications/MAMP/htdocs/kds-dev/vendor/yiisoft/yii2/web/AssetManager.php(237): yii\web\AssetManager->loadBundle('miloschuman\\hig...', Array, true)
#6 /Applications/MAMP/htdocs/kds-dev/vendor/yiisoft/yii2/web/View.php(284): yii\web\AssetManager->getBundle('miloschuman\\hig...')
#7 /Applications/MAMP/htdocs/kds-dev/vendor/yiisoft/yii2/web/View.php(289): yii\web\View->registerAssetBundle('miloschuman\\hig...', NULL)
#8 /Applications/MAMP/htdocs/kds-dev/vendor/yiisoft/yii2/web/View.php(477): yii\web\View->registerAssetBundle('http://code.hig...')
#9 /Applications/MAMP/htdocs/kds-dev/frontend/views/site/index.php(11): yii\web\View->registerJsFile('http://code.hig...', Array)
#10 /Applications/MAMP/htdocs/kds-dev/vendor/yiisoft/yii2/base/View.php(325): require('/Applications/M...')
#11 /Applications/MAMP/htdocs/kds-dev/vendor/yiisoft/yii2/base/View.php(247): yii\base\View->renderPhpFile('/Applications/M...', Array)
#12 /Applications/MAMP/htdocs/kds-dev/vendor/yiisoft/yii2/base/View.php(149): yii\base\View->renderFile('/Applications/M...', Array, Object(frontend\controllers\SiteController))
#13 /Applications/MAMP/htdocs/kds-dev/vendor/yiisoft/yii2/base/Controller.php(377): yii\base\View->render('index', Array, Object(frontend\controllers\SiteController))
#14 /Applications/MAMP/htdocs/kds-dev/frontend/controllers/SiteController.php(78): yii\base\Controller->render('index', Array)
#15 [internal function]: frontend\controllers\SiteController->actionIndex()
#16 /Applications/MAMP/htdocs/kds-dev/vendor/yiisoft/yii2/base/InlineAction.php(55): call_user_func_array(Array, Array)
#17 /Applications/MAMP/htdocs/kds-dev/vendor/yiisoft/yii2/base/Controller.php(154): yii\base\InlineAction->runWithParams(Array)
#18 /Applications/MAMP/htdocs/kds-dev/vendor/yiisoft/yii2/base/Module.php(454): yii\base\Controller->runAction('index', Array)
#19 /Applications/MAMP/htdocs/kds-dev/vendor/yiisoft/yii2/web/Application.php(84): yii\base\Module->runAction('site/index', Array)
#20 /Applications/MAMP/htdocs/kds-dev/vendor/yiisoft/yii2/base/Application.php(375): yii\web\Application->handleRequest(Object(yii\web\Request))
#21 /Applications/MAMP/htdocs/kds-dev/frontend/web/index.php(18): yii\base\Application->run()
#22 {main}
2016-02-15 09:46:04 [::1][-][-][info][application] $_GET = [
    'r' => 'site/index'
]

$_COOKIE = [
    'PHPSESSID' => '8afc9081aad7590eeb64cc1e85d460b1'
    '_identity' => 'f206f829b825f4cb1fe0269749c4a5b74c229493eb5affb9a0906350d7d68e28a:2:{i:0;s:9:\"_identity\";i:1;s:46:\"[1,\"wq6FlOY1ZsioNc2FGU01PubMORGIuf5X\",2592000]\";}'
    '_csrf' => '92e38f1bf6021cf72730faa1358e3bbd9059e6a6997cc7331df8133a1a7f55a8a:2:{i:0;s:5:\"_csrf\";i:1;s:32:\"K6MqBxjgCKwHsu8GL297qmFBqWIEoSpQ\";}'
]

$_SERVER = [
    'HTTP_HOST' => 'localhost'
    'HTTP_CONNECTION' => 'keep-alive'
    'HTTP_CACHE_CONTROL' => 'max-age=0'
    'HTTP_ACCEPT' => 'text/html,application/xhtml+xml,application/xml;q=0.9,image/webp,*/*;q=0.8'
    'HTTP_UPGRADE_INSECURE_REQUESTS' => '1'
    'HTTP_USER_AGENT' => 'Mozilla/5.0 (Macintosh; Intel Mac OS X 10_11_3) AppleWebKit/537.36 (KHTML, like Gecko) Chrome/48.0.2564.109 Safari/537.36'
    'HTTP_REFERER' => 'http://localhost/kds-dev/frontend/web/index.php?r=people%2Findex'
    'HTTP_ACCEPT_ENCODING' => 'gzip, deflate, sdch'
    'HTTP_ACCEPT_LANGUAGE' => 'en-US,en;q=0.8,ms;q=0.6,id;q=0.4'
    'HTTP_COOKIE' => 'PHPSESSID=8afc9081aad7590eeb64cc1e85d460b1; _identity=f206f829b825f4cb1fe0269749c4a5b74c229493eb5affb9a0906350d7d68e28a%3A2%3A%7Bi%3A0%3Bs%3A9%3A%22_identity%22%3Bi%3A1%3Bs%3A46%3A%22%5B1%2C%22wq6FlOY1ZsioNc2FGU01PubMORGIuf5X%22%2C2592000%5D%22%3B%7D; _csrf=92e38f1bf6021cf72730faa1358e3bbd9059e6a6997cc7331df8133a1a7f55a8a%3A2%3A%7Bi%3A0%3Bs%3A5%3A%22_csrf%22%3Bi%3A1%3Bs%3A32%3A%22K6MqBxjgCKwHsu8GL297qmFBqWIEoSpQ%22%3B%7D'
    'PATH' => '/usr/bin:/bin:/usr/sbin:/sbin'
    'SERVER_SIGNATURE' => ''
    'SERVER_SOFTWARE' => 'Apache'
    'SERVER_NAME' => 'localhost'
    'SERVER_ADDR' => '::1'
    'SERVER_PORT' => '80'
    'REMOTE_ADDR' => '::1'
    'DOCUMENT_ROOT' => '/Applications/MAMP/htdocs'
    'SERVER_ADMIN' => 'you@example.com'
    'SCRIPT_FILENAME' => '/Applications/MAMP/htdocs/kds-dev/frontend/web/index.php'
    'REMOTE_PORT' => '53701'
    'GATEWAY_INTERFACE' => 'CGI/1.1'
    'SERVER_PROTOCOL' => 'HTTP/1.1'
    'REQUEST_METHOD' => 'GET'
    'QUERY_STRING' => 'r=site%2Findex'
    'REQUEST_URI' => '/kds-dev/frontend/web/index.php?r=site%2Findex'
    'SCRIPT_NAME' => '/kds-dev/frontend/web/index.php'
    'PHP_SELF' => '/kds-dev/frontend/web/index.php'
    'REQUEST_TIME_FLOAT' => 1455500764.61
    'REQUEST_TIME' => 1455500764
    'argv' => [
        0 => 'r=site%2Findex'
    ]
    'argc' => 1
]
2016-02-15 09:54:24 [::1][-][-][error][yii\base\ErrorException:1] exception 'yii\base\ErrorException' with message 'Class 'common\models\LookupState' not found' in /Applications/MAMP/htdocs/kds-dev/frontend/models/People.php:151
Stack trace:
#0 [internal function]: yii\base\ErrorHandler->handleFatalError()
#1 {main}
2016-02-15 09:54:24 [::1][-][-][info][application] $_GET = [
    'r' => 'people/index'
]

$_COOKIE = [
    'PHPSESSID' => '8afc9081aad7590eeb64cc1e85d460b1'
    '_identity' => 'f206f829b825f4cb1fe0269749c4a5b74c229493eb5affb9a0906350d7d68e28a:2:{i:0;s:9:\"_identity\";i:1;s:46:\"[1,\"wq6FlOY1ZsioNc2FGU01PubMORGIuf5X\",2592000]\";}'
    '_csrf' => '92e38f1bf6021cf72730faa1358e3bbd9059e6a6997cc7331df8133a1a7f55a8a:2:{i:0;s:5:\"_csrf\";i:1;s:32:\"K6MqBxjgCKwHsu8GL297qmFBqWIEoSpQ\";}'
]

$_SERVER = [
    'HTTP_HOST' => 'localhost'
    'HTTP_CONNECTION' => 'keep-alive'
    'HTTP_ACCEPT' => 'text/html,application/xhtml+xml,application/xml;q=0.9,image/webp,*/*;q=0.8'
    'HTTP_UPGRADE_INSECURE_REQUESTS' => '1'
    'HTTP_USER_AGENT' => 'Mozilla/5.0 (Macintosh; Intel Mac OS X 10_11_3) AppleWebKit/537.36 (KHTML, like Gecko) Chrome/48.0.2564.109 Safari/537.36'
    'HTTP_REFERER' => 'http://localhost/kds-dev/frontend/web/index.php?r=site%2Findex'
    'HTTP_ACCEPT_ENCODING' => 'gzip, deflate, sdch'
    'HTTP_ACCEPT_LANGUAGE' => 'en-US,en;q=0.8,ms;q=0.6,id;q=0.4'
    'HTTP_COOKIE' => 'PHPSESSID=8afc9081aad7590eeb64cc1e85d460b1; _identity=f206f829b825f4cb1fe0269749c4a5b74c229493eb5affb9a0906350d7d68e28a%3A2%3A%7Bi%3A0%3Bs%3A9%3A%22_identity%22%3Bi%3A1%3Bs%3A46%3A%22%5B1%2C%22wq6FlOY1ZsioNc2FGU01PubMORGIuf5X%22%2C2592000%5D%22%3B%7D; _csrf=92e38f1bf6021cf72730faa1358e3bbd9059e6a6997cc7331df8133a1a7f55a8a%3A2%3A%7Bi%3A0%3Bs%3A5%3A%22_csrf%22%3Bi%3A1%3Bs%3A32%3A%22K6MqBxjgCKwHsu8GL297qmFBqWIEoSpQ%22%3B%7D'
    'PATH' => '/usr/bin:/bin:/usr/sbin:/sbin'
    'SERVER_SIGNATURE' => ''
    'SERVER_SOFTWARE' => 'Apache'
    'SERVER_NAME' => 'localhost'
    'SERVER_ADDR' => '::1'
    'SERVER_PORT' => '80'
    'REMOTE_ADDR' => '::1'
    'DOCUMENT_ROOT' => '/Applications/MAMP/htdocs'
    'SERVER_ADMIN' => 'you@example.com'
    'SCRIPT_FILENAME' => '/Applications/MAMP/htdocs/kds-dev/frontend/web/index.php'
    'REMOTE_PORT' => '59701'
    'GATEWAY_INTERFACE' => 'CGI/1.1'
    'SERVER_PROTOCOL' => 'HTTP/1.1'
    'REQUEST_METHOD' => 'GET'
    'QUERY_STRING' => 'r=people%2Findex'
    'REQUEST_URI' => '/kds-dev/frontend/web/index.php?r=people%2Findex'
    'SCRIPT_NAME' => '/kds-dev/frontend/web/index.php'
    'PHP_SELF' => '/kds-dev/frontend/web/index.php'
    'REQUEST_TIME_FLOAT' => 1455501264.64
    'REQUEST_TIME' => 1455501264
    'argv' => [
        0 => 'r=people%2Findex'
    ]
    'argc' => 1
]
2016-02-15 09:55:13 [::1][-][061db0555e4b5dd7b6588988125cc1be][error][yii\base\ErrorException:8] exception 'yii\base\ErrorException' with message 'Trying to get property of non-object' in /Applications/MAMP/htdocs/kds-dev/frontend/views/layouts/main.php:97
Stack trace:
#0 /Applications/MAMP/htdocs/kds-dev/frontend/views/layouts/main.php(97): yii\base\ErrorHandler->handleError(8, 'Trying to get p...', '/Applications/M...', 97, Array)
#1 /Applications/MAMP/htdocs/kds-dev/vendor/yiisoft/yii2/base/View.php(325): require('/Applications/M...')
#2 /Applications/MAMP/htdocs/kds-dev/vendor/yiisoft/yii2/base/View.php(247): yii\base\View->renderPhpFile('/Applications/M...', Array)
#3 /Applications/MAMP/htdocs/kds-dev/vendor/yiisoft/yii2/base/Controller.php(392): yii\base\View->renderFile('/Applications/M...', Array, Object(frontend\controllers\SiteController))
#4 /Applications/MAMP/htdocs/kds-dev/vendor/yiisoft/yii2/base/Controller.php(378): yii\base\Controller->renderContent('\n        <!-- B...')
#5 /Applications/MAMP/htdocs/kds-dev/frontend/controllers/SiteController.php(78): yii\base\Controller->render('index', Array)
#6 [internal function]: frontend\controllers\SiteController->actionIndex()
#7 /Applications/MAMP/htdocs/kds-dev/vendor/yiisoft/yii2/base/InlineAction.php(55): call_user_func_array(Array, Array)
#8 /Applications/MAMP/htdocs/kds-dev/vendor/yiisoft/yii2/base/Controller.php(154): yii\base\InlineAction->runWithParams(Array)
#9 /Applications/MAMP/htdocs/kds-dev/vendor/yiisoft/yii2/base/Module.php(454): yii\base\Controller->runAction('', Array)
#10 /Applications/MAMP/htdocs/kds-dev/vendor/yiisoft/yii2/web/Application.php(84): yii\base\Module->runAction('', Array)
#11 /Applications/MAMP/htdocs/kds-dev/vendor/yiisoft/yii2/base/Application.php(375): yii\web\Application->handleRequest(Object(yii\web\Request))
#12 /Applications/MAMP/htdocs/kds-dev/frontend/web/index.php(18): yii\base\Application->run()
#13 {main}
2016-02-15 09:55:13 [::1][-][061db0555e4b5dd7b6588988125cc1be][info][application] $_COOKIE = [
    '_csrf' => '92e38f1bf6021cf72730faa1358e3bbd9059e6a6997cc7331df8133a1a7f55a8a:2:{i:0;s:5:\"_csrf\";i:1;s:32:\"K6MqBxjgCKwHsu8GL297qmFBqWIEoSpQ\";}'
    'PHPSESSID' => '061db0555e4b5dd7b6588988125cc1be'
]

$_SESSION = [
    '__flash' => []
]

$_SERVER = [
    'HTTP_HOST' => 'localhost'
    'HTTP_CONNECTION' => 'keep-alive'
    'HTTP_CACHE_CONTROL' => 'max-age=0'
    'HTTP_ACCEPT' => 'text/html,application/xhtml+xml,application/xml;q=0.9,image/webp,*/*;q=0.8'
    'HTTP_UPGRADE_INSECURE_REQUESTS' => '1'
    'HTTP_USER_AGENT' => 'Mozilla/5.0 (Macintosh; Intel Mac OS X 10_11_3) AppleWebKit/537.36 (KHTML, like Gecko) Chrome/48.0.2564.109 Safari/537.36'
    'HTTP_REFERER' => 'http://localhost/kds-dev/frontend/web/index.php?r=people%2Fview&id=3'
    'HTTP_ACCEPT_ENCODING' => 'gzip, deflate, sdch'
    'HTTP_ACCEPT_LANGUAGE' => 'en-US,en;q=0.8,ms;q=0.6,id;q=0.4'
    'HTTP_COOKIE' => '_csrf=92e38f1bf6021cf72730faa1358e3bbd9059e6a6997cc7331df8133a1a7f55a8a%3A2%3A%7Bi%3A0%3Bs%3A5%3A%22_csrf%22%3Bi%3A1%3Bs%3A32%3A%22K6MqBxjgCKwHsu8GL297qmFBqWIEoSpQ%22%3B%7D; PHPSESSID=061db0555e4b5dd7b6588988125cc1be'
    'PATH' => '/usr/bin:/bin:/usr/sbin:/sbin'
    'SERVER_SIGNATURE' => ''
    'SERVER_SOFTWARE' => 'Apache'
    'SERVER_NAME' => 'localhost'
    'SERVER_ADDR' => '::1'
    'SERVER_PORT' => '80'
    'REMOTE_ADDR' => '::1'
    'DOCUMENT_ROOT' => '/Applications/MAMP/htdocs'
    'SERVER_ADMIN' => 'you@example.com'
    'SCRIPT_FILENAME' => '/Applications/MAMP/htdocs/kds-dev/frontend/web/index.php'
    'REMOTE_PORT' => '60176'
    'GATEWAY_INTERFACE' => 'CGI/1.1'
    'SERVER_PROTOCOL' => 'HTTP/1.1'
    'REQUEST_METHOD' => 'GET'
    'QUERY_STRING' => ''
    'REQUEST_URI' => '/kds-dev/frontend/web/index.php'
    'SCRIPT_NAME' => '/kds-dev/frontend/web/index.php'
    'PHP_SELF' => '/kds-dev/frontend/web/index.php'
    'REQUEST_TIME_FLOAT' => 1455501313.41
    'REQUEST_TIME' => 1455501313
    'argv' => []
    'argc' => 0
]
2016-02-15 09:55:20 [::1][-][061db0555e4b5dd7b6588988125cc1be][error][yii\base\ErrorException:8] exception 'yii\base\ErrorException' with message 'Trying to get property of non-object' in /Applications/MAMP/htdocs/kds-dev/frontend/views/layouts/main.php:97
Stack trace:
#0 /Applications/MAMP/htdocs/kds-dev/frontend/views/layouts/main.php(97): yii\base\ErrorHandler->handleError(8, 'Trying to get p...', '/Applications/M...', 97, Array)
#1 /Applications/MAMP/htdocs/kds-dev/vendor/yiisoft/yii2/base/View.php(325): require('/Applications/M...')
#2 /Applications/MAMP/htdocs/kds-dev/vendor/yiisoft/yii2/base/View.php(247): yii\base\View->renderPhpFile('/Applications/M...', Array)
#3 /Applications/MAMP/htdocs/kds-dev/vendor/yiisoft/yii2/base/Controller.php(392): yii\base\View->renderFile('/Applications/M...', Array, Object(frontend\controllers\SiteController))
#4 /Applications/MAMP/htdocs/kds-dev/vendor/yiisoft/yii2/base/Controller.php(378): yii\base\Controller->renderContent('\n        <!-- B...')
#5 /Applications/MAMP/htdocs/kds-dev/frontend/controllers/SiteController.php(78): yii\base\Controller->render('index', Array)
#6 [internal function]: frontend\controllers\SiteController->actionIndex()
#7 /Applications/MAMP/htdocs/kds-dev/vendor/yiisoft/yii2/base/InlineAction.php(55): call_user_func_array(Array, Array)
#8 /Applications/MAMP/htdocs/kds-dev/vendor/yiisoft/yii2/base/Controller.php(154): yii\base\InlineAction->runWithParams(Array)
#9 /Applications/MAMP/htdocs/kds-dev/vendor/yiisoft/yii2/base/Module.php(454): yii\base\Controller->runAction('', Array)
#10 /Applications/MAMP/htdocs/kds-dev/vendor/yiisoft/yii2/web/Application.php(84): yii\base\Module->runAction('', Array)
#11 /Applications/MAMP/htdocs/kds-dev/vendor/yiisoft/yii2/base/Application.php(375): yii\web\Application->handleRequest(Object(yii\web\Request))
#12 /Applications/MAMP/htdocs/kds-dev/frontend/web/index.php(18): yii\base\Application->run()
#13 {main}
2016-02-15 09:55:20 [::1][-][061db0555e4b5dd7b6588988125cc1be][info][application] $_COOKIE = [
    '_csrf' => '92e38f1bf6021cf72730faa1358e3bbd9059e6a6997cc7331df8133a1a7f55a8a:2:{i:0;s:5:\"_csrf\";i:1;s:32:\"K6MqBxjgCKwHsu8GL297qmFBqWIEoSpQ\";}'
    'PHPSESSID' => '061db0555e4b5dd7b6588988125cc1be'
]

$_SESSION = [
    '__flash' => []
]

$_SERVER = [
    'HTTP_HOST' => 'localhost'
    'HTTP_CONNECTION' => 'keep-alive'
    'HTTP_CACHE_CONTROL' => 'max-age=0'
    'HTTP_ACCEPT' => 'text/html,application/xhtml+xml,application/xml;q=0.9,image/webp,*/*;q=0.8'
    'HTTP_UPGRADE_INSECURE_REQUESTS' => '1'
    'HTTP_USER_AGENT' => 'Mozilla/5.0 (Macintosh; Intel Mac OS X 10_11_3) AppleWebKit/537.36 (KHTML, like Gecko) Chrome/48.0.2564.109 Safari/537.36'
    'HTTP_ACCEPT_ENCODING' => 'gzip, deflate, sdch'
    'HTTP_ACCEPT_LANGUAGE' => 'en-US,en;q=0.8,ms;q=0.6,id;q=0.4'
    'HTTP_COOKIE' => '_csrf=92e38f1bf6021cf72730faa1358e3bbd9059e6a6997cc7331df8133a1a7f55a8a%3A2%3A%7Bi%3A0%3Bs%3A5%3A%22_csrf%22%3Bi%3A1%3Bs%3A32%3A%22K6MqBxjgCKwHsu8GL297qmFBqWIEoSpQ%22%3B%7D; PHPSESSID=061db0555e4b5dd7b6588988125cc1be'
    'PATH' => '/usr/bin:/bin:/usr/sbin:/sbin'
    'SERVER_SIGNATURE' => ''
    'SERVER_SOFTWARE' => 'Apache'
    'SERVER_NAME' => 'localhost'
    'SERVER_ADDR' => '::1'
    'SERVER_PORT' => '80'
    'REMOTE_ADDR' => '::1'
    'DOCUMENT_ROOT' => '/Applications/MAMP/htdocs'
    'SERVER_ADMIN' => 'you@example.com'
    'SCRIPT_FILENAME' => '/Applications/MAMP/htdocs/kds-dev/frontend/web/index.php'
    'REMOTE_PORT' => '60382'
    'GATEWAY_INTERFACE' => 'CGI/1.1'
    'SERVER_PROTOCOL' => 'HTTP/1.1'
    'REQUEST_METHOD' => 'GET'
    'QUERY_STRING' => ''
    'REQUEST_URI' => '/kds-dev/frontend/web/index.php'
    'SCRIPT_NAME' => '/kds-dev/frontend/web/index.php'
    'PHP_SELF' => '/kds-dev/frontend/web/index.php'
    'REQUEST_TIME_FLOAT' => 1455501320.35
    'REQUEST_TIME' => 1455501320
    'argv' => []
    'argc' => 0
]
2016-02-15 09:55:37 [::1][-][061db0555e4b5dd7b6588988125cc1be][error][yii\base\ErrorException:8] exception 'yii\base\ErrorException' with message 'Trying to get property of non-object' in /Applications/MAMP/htdocs/kds-dev/frontend/views/layouts/main.php:97
Stack trace:
#0 /Applications/MAMP/htdocs/kds-dev/frontend/views/layouts/main.php(97): yii\base\ErrorHandler->handleError(8, 'Trying to get p...', '/Applications/M...', 97, Array)
#1 /Applications/MAMP/htdocs/kds-dev/vendor/yiisoft/yii2/base/View.php(325): require('/Applications/M...')
#2 /Applications/MAMP/htdocs/kds-dev/vendor/yiisoft/yii2/base/View.php(247): yii\base\View->renderPhpFile('/Applications/M...', Array)
#3 /Applications/MAMP/htdocs/kds-dev/vendor/yiisoft/yii2/base/Controller.php(392): yii\base\View->renderFile('/Applications/M...', Array, Object(frontend\controllers\SiteController))
#4 /Applications/MAMP/htdocs/kds-dev/vendor/yiisoft/yii2/base/Controller.php(378): yii\base\Controller->renderContent('\n        <!-- B...')
#5 /Applications/MAMP/htdocs/kds-dev/frontend/controllers/SiteController.php(78): yii\base\Controller->render('index', Array)
#6 [internal function]: frontend\controllers\SiteController->actionIndex()
#7 /Applications/MAMP/htdocs/kds-dev/vendor/yiisoft/yii2/base/InlineAction.php(55): call_user_func_array(Array, Array)
#8 /Applications/MAMP/htdocs/kds-dev/vendor/yiisoft/yii2/base/Controller.php(154): yii\base\InlineAction->runWithParams(Array)
#9 /Applications/MAMP/htdocs/kds-dev/vendor/yiisoft/yii2/base/Module.php(454): yii\base\Controller->runAction('', Array)
#10 /Applications/MAMP/htdocs/kds-dev/vendor/yiisoft/yii2/web/Application.php(84): yii\base\Module->runAction('', Array)
#11 /Applications/MAMP/htdocs/kds-dev/vendor/yiisoft/yii2/base/Application.php(375): yii\web\Application->handleRequest(Object(yii\web\Request))
#12 /Applications/MAMP/htdocs/kds-dev/frontend/web/index.php(18): yii\base\Application->run()
#13 {main}
2016-02-15 09:55:37 [::1][-][061db0555e4b5dd7b6588988125cc1be][info][application] $_COOKIE = [
    '_csrf' => '92e38f1bf6021cf72730faa1358e3bbd9059e6a6997cc7331df8133a1a7f55a8a:2:{i:0;s:5:\"_csrf\";i:1;s:32:\"K6MqBxjgCKwHsu8GL297qmFBqWIEoSpQ\";}'
    'PHPSESSID' => '061db0555e4b5dd7b6588988125cc1be'
]

$_SESSION = [
    '__flash' => []
]

$_SERVER = [
    'HTTP_HOST' => 'localhost'
    'HTTP_CONNECTION' => 'keep-alive'
    'HTTP_ACCEPT' => 'text/html,application/xhtml+xml,application/xml;q=0.9,image/webp,*/*;q=0.8'
    'HTTP_UPGRADE_INSECURE_REQUESTS' => '1'
    'HTTP_USER_AGENT' => 'Mozilla/5.0 (Macintosh; Intel Mac OS X 10_11_3) AppleWebKit/537.36 (KHTML, like Gecko) Chrome/48.0.2564.109 Safari/537.36'
    'HTTP_ACCEPT_ENCODING' => 'gzip, deflate, sdch'
    'HTTP_ACCEPT_LANGUAGE' => 'en-US,en;q=0.8,ms;q=0.6,id;q=0.4'
    'HTTP_COOKIE' => '_csrf=92e38f1bf6021cf72730faa1358e3bbd9059e6a6997cc7331df8133a1a7f55a8a%3A2%3A%7Bi%3A0%3Bs%3A5%3A%22_csrf%22%3Bi%3A1%3Bs%3A32%3A%22K6MqBxjgCKwHsu8GL297qmFBqWIEoSpQ%22%3B%7D; PHPSESSID=061db0555e4b5dd7b6588988125cc1be'
    'PATH' => '/usr/bin:/bin:/usr/sbin:/sbin'
    'SERVER_SIGNATURE' => ''
    'SERVER_SOFTWARE' => 'Apache'
    'SERVER_NAME' => 'localhost'
    'SERVER_ADDR' => '::1'
    'SERVER_PORT' => '80'
    'REMOTE_ADDR' => '::1'
    'DOCUMENT_ROOT' => '/Applications/MAMP/htdocs'
    'SERVER_ADMIN' => 'you@example.com'
    'SCRIPT_FILENAME' => '/Applications/MAMP/htdocs/kds-dev/frontend/web/index.php'
    'REMOTE_PORT' => '60546'
    'GATEWAY_INTERFACE' => 'CGI/1.1'
    'SERVER_PROTOCOL' => 'HTTP/1.1'
    'REQUEST_METHOD' => 'GET'
    'QUERY_STRING' => ''
    'REQUEST_URI' => '/kds-dev/frontend/web/'
    'SCRIPT_NAME' => '/kds-dev/frontend/web/index.php'
    'PHP_SELF' => '/kds-dev/frontend/web/index.php'
    'REQUEST_TIME_FLOAT' => 1455501337.17
    'REQUEST_TIME' => 1455501337
    'argv' => []
    'argc' => 0
]
2016-02-15 11:27:41 [::1][1][440b6f30f067c17b7b4a68d21bb2297b][error][yii\base\ErrorException:4] exception 'yii\base\ErrorException' with message 'syntax error, unexpected ''"  class="widget-thumb-icon">' (T_CONSTANT_ENCAPSED_STRING)' in /Applications/MAMP/htdocs/kds-dev/frontend/views/kawasan/index.php:38
Stack trace:
#0 [internal function]: yii\base\ErrorHandler->handleFatalError()
#1 {main}
2016-02-15 11:27:41 [::1][1][440b6f30f067c17b7b4a68d21bb2297b][info][application] $_GET = [
    'r' => 'kawasan/index'
]

$_COOKIE = [
    '_csrf' => 'a4b4cd956b697b75aca681c1e4fc0239dd805af3756198e13143886df621ded4a:2:{i:0;s:5:\"_csrf\";i:1;s:32:\"lJxbJnnzPUrZBStaf6lP3Q7eGsSu7Qar\";}'
    'PHPSESSID' => '440b6f30f067c17b7b4a68d21bb2297b'
    '_identity' => '8a451bef1c9e79c505c8a45002b0b9f99ee14281727922c7c18d00cc62a83cdfa:2:{i:0;s:9:\"_identity\";i:1;s:46:\"[1,\"wq6FlOY1ZsioNc2FGU01PubMORGIuf5X\",2592000]\";}'
]

$_SESSION = [
    '__flash' => []
    '__id' => 1
]

$_SERVER = [
    'HTTP_HOST' => 'localhost'
    'HTTP_CONNECTION' => 'keep-alive'
    'HTTP_CACHE_CONTROL' => 'max-age=0'
    'HTTP_ACCEPT' => 'text/html,application/xhtml+xml,application/xml;q=0.9,image/webp,*/*;q=0.8'
    'HTTP_UPGRADE_INSECURE_REQUESTS' => '1'
    'HTTP_USER_AGENT' => 'Mozilla/5.0 (Macintosh; Intel Mac OS X 10_11_3) AppleWebKit/537.36 (KHTML, like Gecko) Chrome/48.0.2564.109 Safari/537.36'
    'HTTP_REFERER' => 'http://localhost/kds-dev/frontend/web/index.php?r=kawasan%2Findex'
    'HTTP_ACCEPT_ENCODING' => 'gzip, deflate, sdch'
    'HTTP_ACCEPT_LANGUAGE' => 'en-US,en;q=0.8,ms;q=0.6,id;q=0.4'
    'HTTP_COOKIE' => '_csrf=a4b4cd956b697b75aca681c1e4fc0239dd805af3756198e13143886df621ded4a%3A2%3A%7Bi%3A0%3Bs%3A5%3A%22_csrf%22%3Bi%3A1%3Bs%3A32%3A%22lJxbJnnzPUrZBStaf6lP3Q7eGsSu7Qar%22%3B%7D; PHPSESSID=440b6f30f067c17b7b4a68d21bb2297b; _identity=8a451bef1c9e79c505c8a45002b0b9f99ee14281727922c7c18d00cc62a83cdfa%3A2%3A%7Bi%3A0%3Bs%3A9%3A%22_identity%22%3Bi%3A1%3Bs%3A46%3A%22%5B1%2C%22wq6FlOY1ZsioNc2FGU01PubMORGIuf5X%22%2C2592000%5D%22%3B%7D'
    'PATH' => '/usr/bin:/bin:/usr/sbin:/sbin'
    'SERVER_SIGNATURE' => ''
    'SERVER_SOFTWARE' => 'Apache'
    'SERVER_NAME' => 'localhost'
    'SERVER_ADDR' => '::1'
    'SERVER_PORT' => '80'
    'REMOTE_ADDR' => '::1'
    'DOCUMENT_ROOT' => '/Applications/MAMP/htdocs'
    'SERVER_ADMIN' => 'you@example.com'
    'SCRIPT_FILENAME' => '/Applications/MAMP/htdocs/kds-dev/frontend/web/index.php'
    'REMOTE_PORT' => '61789'
    'GATEWAY_INTERFACE' => 'CGI/1.1'
    'SERVER_PROTOCOL' => 'HTTP/1.1'
    'REQUEST_METHOD' => 'GET'
    'QUERY_STRING' => 'r=kawasan%2Findex'
    'REQUEST_URI' => '/kds-dev/frontend/web/index.php?r=kawasan%2Findex'
    'SCRIPT_NAME' => '/kds-dev/frontend/web/index.php'
    'PHP_SELF' => '/kds-dev/frontend/web/index.php'
    'REQUEST_TIME_FLOAT' => 1455506861.6
    'REQUEST_TIME' => 1455506861
    'argv' => [
        0 => 'r=kawasan%2Findex'
    ]
    'argc' => 1
]
2016-02-15 11:29:03 [::1][1][440b6f30f067c17b7b4a68d21bb2297b][error][yii\base\ErrorException:4] exception 'yii\base\ErrorException' with message 'syntax error, unexpected ';'' in /Applications/MAMP/htdocs/kds-dev/frontend/views/kawasan/index.php:38
Stack trace:
#0 [internal function]: yii\base\ErrorHandler->handleFatalError()
#1 {main}
2016-02-15 11:29:03 [::1][1][440b6f30f067c17b7b4a68d21bb2297b][info][application] $_GET = [
    'r' => 'kawasan/index'
]

$_COOKIE = [
    '_csrf' => 'a4b4cd956b697b75aca681c1e4fc0239dd805af3756198e13143886df621ded4a:2:{i:0;s:5:\"_csrf\";i:1;s:32:\"lJxbJnnzPUrZBStaf6lP3Q7eGsSu7Qar\";}'
    'PHPSESSID' => '440b6f30f067c17b7b4a68d21bb2297b'
    '_identity' => '8a451bef1c9e79c505c8a45002b0b9f99ee14281727922c7c18d00cc62a83cdfa:2:{i:0;s:9:\"_identity\";i:1;s:46:\"[1,\"wq6FlOY1ZsioNc2FGU01PubMORGIuf5X\",2592000]\";}'
]

$_SESSION = [
    '__flash' => []
    '__id' => 1
]

$_SERVER = [
    'HTTP_HOST' => 'localhost'
    'HTTP_CONNECTION' => 'keep-alive'
    'HTTP_CACHE_CONTROL' => 'max-age=0'
    'HTTP_ACCEPT' => 'text/html,application/xhtml+xml,application/xml;q=0.9,image/webp,*/*;q=0.8'
    'HTTP_UPGRADE_INSECURE_REQUESTS' => '1'
    'HTTP_USER_AGENT' => 'Mozilla/5.0 (Macintosh; Intel Mac OS X 10_11_3) AppleWebKit/537.36 (KHTML, like Gecko) Chrome/48.0.2564.109 Safari/537.36'
    'HTTP_REFERER' => 'http://localhost/kds-dev/frontend/web/index.php?r=kawasan%2Findex'
    'HTTP_ACCEPT_ENCODING' => 'gzip, deflate, sdch'
    'HTTP_ACCEPT_LANGUAGE' => 'en-US,en;q=0.8,ms;q=0.6,id;q=0.4'
    'HTTP_COOKIE' => '_csrf=a4b4cd956b697b75aca681c1e4fc0239dd805af3756198e13143886df621ded4a%3A2%3A%7Bi%3A0%3Bs%3A5%3A%22_csrf%22%3Bi%3A1%3Bs%3A32%3A%22lJxbJnnzPUrZBStaf6lP3Q7eGsSu7Qar%22%3B%7D; PHPSESSID=440b6f30f067c17b7b4a68d21bb2297b; _identity=8a451bef1c9e79c505c8a45002b0b9f99ee14281727922c7c18d00cc62a83cdfa%3A2%3A%7Bi%3A0%3Bs%3A9%3A%22_identity%22%3Bi%3A1%3Bs%3A46%3A%22%5B1%2C%22wq6FlOY1ZsioNc2FGU01PubMORGIuf5X%22%2C2592000%5D%22%3B%7D'
    'PATH' => '/usr/bin:/bin:/usr/sbin:/sbin'
    'SERVER_SIGNATURE' => ''
    'SERVER_SOFTWARE' => 'Apache'
    'SERVER_NAME' => 'localhost'
    'SERVER_ADDR' => '::1'
    'SERVER_PORT' => '80'
    'REMOTE_ADDR' => '::1'
    'DOCUMENT_ROOT' => '/Applications/MAMP/htdocs'
    'SERVER_ADMIN' => 'you@example.com'
    'SCRIPT_FILENAME' => '/Applications/MAMP/htdocs/kds-dev/frontend/web/index.php'
    'REMOTE_PORT' => '62751'
    'GATEWAY_INTERFACE' => 'CGI/1.1'
    'SERVER_PROTOCOL' => 'HTTP/1.1'
    'REQUEST_METHOD' => 'GET'
    'QUERY_STRING' => 'r=kawasan%2Findex'
    'REQUEST_URI' => '/kds-dev/frontend/web/index.php?r=kawasan%2Findex'
    'SCRIPT_NAME' => '/kds-dev/frontend/web/index.php'
    'PHP_SELF' => '/kds-dev/frontend/web/index.php'
    'REQUEST_TIME_FLOAT' => 1455506943.57
    'REQUEST_TIME' => 1455506943
    'argv' => [
        0 => 'r=kawasan%2Findex'
    ]
    'argc' => 1
]
2016-02-15 11:29:10 [::1][1][440b6f30f067c17b7b4a68d21bb2297b][error][yii\base\ErrorException:4] exception 'yii\base\ErrorException' with message 'syntax error, unexpected ''">'' (T_CONSTANT_ENCAPSED_STRING)' in /Applications/MAMP/htdocs/kds-dev/frontend/views/kawasan/index.php:38
Stack trace:
#0 [internal function]: yii\base\ErrorHandler->handleFatalError()
#1 {main}
2016-02-15 11:29:10 [::1][1][440b6f30f067c17b7b4a68d21bb2297b][info][application] $_GET = [
    'r' => 'kawasan/index'
]

$_COOKIE = [
    '_csrf' => 'a4b4cd956b697b75aca681c1e4fc0239dd805af3756198e13143886df621ded4a:2:{i:0;s:5:\"_csrf\";i:1;s:32:\"lJxbJnnzPUrZBStaf6lP3Q7eGsSu7Qar\";}'
    'PHPSESSID' => '440b6f30f067c17b7b4a68d21bb2297b'
    '_identity' => '8a451bef1c9e79c505c8a45002b0b9f99ee14281727922c7c18d00cc62a83cdfa:2:{i:0;s:9:\"_identity\";i:1;s:46:\"[1,\"wq6FlOY1ZsioNc2FGU01PubMORGIuf5X\",2592000]\";}'
]

$_SESSION = [
    '__flash' => []
    '__id' => 1
]

$_SERVER = [
    'HTTP_HOST' => 'localhost'
    'HTTP_CONNECTION' => 'keep-alive'
    'HTTP_CACHE_CONTROL' => 'max-age=0'
    'HTTP_ACCEPT' => 'text/html,application/xhtml+xml,application/xml;q=0.9,image/webp,*/*;q=0.8'
    'HTTP_UPGRADE_INSECURE_REQUESTS' => '1'
    'HTTP_USER_AGENT' => 'Mozilla/5.0 (Macintosh; Intel Mac OS X 10_11_3) AppleWebKit/537.36 (KHTML, like Gecko) Chrome/48.0.2564.109 Safari/537.36'
    'HTTP_REFERER' => 'http://localhost/kds-dev/frontend/web/index.php?r=kawasan%2Findex'
    'HTTP_ACCEPT_ENCODING' => 'gzip, deflate, sdch'
    'HTTP_ACCEPT_LANGUAGE' => 'en-US,en;q=0.8,ms;q=0.6,id;q=0.4'
    'HTTP_COOKIE' => '_csrf=a4b4cd956b697b75aca681c1e4fc0239dd805af3756198e13143886df621ded4a%3A2%3A%7Bi%3A0%3Bs%3A5%3A%22_csrf%22%3Bi%3A1%3Bs%3A32%3A%22lJxbJnnzPUrZBStaf6lP3Q7eGsSu7Qar%22%3B%7D; PHPSESSID=440b6f30f067c17b7b4a68d21bb2297b; _identity=8a451bef1c9e79c505c8a45002b0b9f99ee14281727922c7c18d00cc62a83cdfa%3A2%3A%7Bi%3A0%3Bs%3A9%3A%22_identity%22%3Bi%3A1%3Bs%3A46%3A%22%5B1%2C%22wq6FlOY1ZsioNc2FGU01PubMORGIuf5X%22%2C2592000%5D%22%3B%7D'
    'PATH' => '/usr/bin:/bin:/usr/sbin:/sbin'
    'SERVER_SIGNATURE' => ''
    'SERVER_SOFTWARE' => 'Apache'
    'SERVER_NAME' => 'localhost'
    'SERVER_ADDR' => '::1'
    'SERVER_PORT' => '80'
    'REMOTE_ADDR' => '::1'
    'DOCUMENT_ROOT' => '/Applications/MAMP/htdocs'
    'SERVER_ADMIN' => 'you@example.com'
    'SCRIPT_FILENAME' => '/Applications/MAMP/htdocs/kds-dev/frontend/web/index.php'
    'REMOTE_PORT' => '62825'
    'GATEWAY_INTERFACE' => 'CGI/1.1'
    'SERVER_PROTOCOL' => 'HTTP/1.1'
    'REQUEST_METHOD' => 'GET'
    'QUERY_STRING' => 'r=kawasan%2Findex'
    'REQUEST_URI' => '/kds-dev/frontend/web/index.php?r=kawasan%2Findex'
    'SCRIPT_NAME' => '/kds-dev/frontend/web/index.php'
    'PHP_SELF' => '/kds-dev/frontend/web/index.php'
    'REQUEST_TIME_FLOAT' => 1455506950.15
    'REQUEST_TIME' => 1455506950
    'argv' => [
        0 => 'r=kawasan%2Findex'
    ]
    'argc' => 1
]
2016-02-15 11:47:53 [::1][1][440b6f30f067c17b7b4a68d21bb2297b][error][yii\web\HttpException:400] exception 'yii\web\BadRequestHttpException' with message 'Missing required parameters: id' in /Applications/MAMP/htdocs/kds-dev/vendor/yiisoft/yii2/web/Controller.php:93
Stack trace:
#0 /Applications/MAMP/htdocs/kds-dev/vendor/yiisoft/yii2/base/InlineAction.php(49): yii\web\Controller->bindActionParams(Object(yii\base\InlineAction), Array)
#1 /Applications/MAMP/htdocs/kds-dev/vendor/yiisoft/yii2/base/Controller.php(154): yii\base\InlineAction->runWithParams(Array)
#2 /Applications/MAMP/htdocs/kds-dev/vendor/yiisoft/yii2/base/Module.php(454): yii\base\Controller->runAction('state', Array)
#3 /Applications/MAMP/htdocs/kds-dev/vendor/yiisoft/yii2/web/Application.php(84): yii\base\Module->runAction('kawasan/state', Array)
#4 /Applications/MAMP/htdocs/kds-dev/vendor/yiisoft/yii2/base/Application.php(375): yii\web\Application->handleRequest(Object(yii\web\Request))
#5 /Applications/MAMP/htdocs/kds-dev/frontend/web/index.php(18): yii\base\Application->run()
#6 {main}
2016-02-15 11:47:53 [::1][1][440b6f30f067c17b7b4a68d21bb2297b][info][application] $_GET = [
    'r' => 'kawasan/state'
    'state_id' => '12'
]

$_COOKIE = [
    '_csrf' => 'a4b4cd956b697b75aca681c1e4fc0239dd805af3756198e13143886df621ded4a:2:{i:0;s:5:\"_csrf\";i:1;s:32:\"lJxbJnnzPUrZBStaf6lP3Q7eGsSu7Qar\";}'
    'PHPSESSID' => '440b6f30f067c17b7b4a68d21bb2297b'
    '_identity' => '8a451bef1c9e79c505c8a45002b0b9f99ee14281727922c7c18d00cc62a83cdfa:2:{i:0;s:9:\"_identity\";i:1;s:46:\"[1,\"wq6FlOY1ZsioNc2FGU01PubMORGIuf5X\",2592000]\";}'
]

$_SESSION = [
    '__flash' => []
    '__id' => 1
]

$_SERVER = [
    'HTTP_HOST' => 'localhost'
    'HTTP_CONNECTION' => 'keep-alive'
    'HTTP_ACCEPT' => 'text/html,application/xhtml+xml,application/xml;q=0.9,image/webp,*/*;q=0.8'
    'HTTP_UPGRADE_INSECURE_REQUESTS' => '1'
    'HTTP_USER_AGENT' => 'Mozilla/5.0 (Macintosh; Intel Mac OS X 10_11_3) AppleWebKit/537.36 (KHTML, like Gecko) Chrome/48.0.2564.109 Safari/537.36'
    'HTTP_REFERER' => 'http://localhost/kds-dev/frontend/web/index.php?r=kawasan%2Findex'
    'HTTP_ACCEPT_ENCODING' => 'gzip, deflate, sdch'
    'HTTP_ACCEPT_LANGUAGE' => 'en-US,en;q=0.8,ms;q=0.6,id;q=0.4'
    'HTTP_COOKIE' => '_csrf=a4b4cd956b697b75aca681c1e4fc0239dd805af3756198e13143886df621ded4a%3A2%3A%7Bi%3A0%3Bs%3A5%3A%22_csrf%22%3Bi%3A1%3Bs%3A32%3A%22lJxbJnnzPUrZBStaf6lP3Q7eGsSu7Qar%22%3B%7D; PHPSESSID=440b6f30f067c17b7b4a68d21bb2297b; _identity=8a451bef1c9e79c505c8a45002b0b9f99ee14281727922c7c18d00cc62a83cdfa%3A2%3A%7Bi%3A0%3Bs%3A9%3A%22_identity%22%3Bi%3A1%3Bs%3A46%3A%22%5B1%2C%22wq6FlOY1ZsioNc2FGU01PubMORGIuf5X%22%2C2592000%5D%22%3B%7D'
    'PATH' => '/usr/bin:/bin:/usr/sbin:/sbin'
    'SERVER_SIGNATURE' => ''
    'SERVER_SOFTWARE' => 'Apache'
    'SERVER_NAME' => 'localhost'
    'SERVER_ADDR' => '::1'
    'SERVER_PORT' => '80'
    'REMOTE_ADDR' => '::1'
    'DOCUMENT_ROOT' => '/Applications/MAMP/htdocs'
    'SERVER_ADMIN' => 'you@example.com'
    'SCRIPT_FILENAME' => '/Applications/MAMP/htdocs/kds-dev/frontend/web/index.php'
    'REMOTE_PORT' => '59794'
    'GATEWAY_INTERFACE' => 'CGI/1.1'
    'SERVER_PROTOCOL' => 'HTTP/1.1'
    'REQUEST_METHOD' => 'GET'
    'QUERY_STRING' => 'r=kawasan%2Fstate&state_id=12'
    'REQUEST_URI' => '/kds-dev/frontend/web/index.php?r=kawasan%2Fstate&state_id=12'
    'SCRIPT_NAME' => '/kds-dev/frontend/web/index.php'
    'PHP_SELF' => '/kds-dev/frontend/web/index.php'
    'REQUEST_TIME_FLOAT' => 1455508073.87
    'REQUEST_TIME' => 1455508073
    'argv' => [
        0 => 'r=kawasan%2Fstate&state_id=12'
    ]
    'argc' => 1
]
2016-02-15 11:48:49 [::1][1][440b6f30f067c17b7b4a68d21bb2297b][error][yii\base\ErrorException:1] exception 'yii\base\ErrorException' with message 'Class 'LookupDistrict' not found' in /Applications/MAMP/htdocs/kds-dev/frontend/views/kawasan/state.php:2
Stack trace:
#0 [internal function]: yii\base\ErrorHandler->handleFatalError()
#1 {main}
2016-02-15 11:48:49 [::1][1][440b6f30f067c17b7b4a68d21bb2297b][info][application] $_GET = [
    'r' => 'kawasan/state'
    'id' => '12'
]

$_COOKIE = [
    '_csrf' => 'a4b4cd956b697b75aca681c1e4fc0239dd805af3756198e13143886df621ded4a:2:{i:0;s:5:\"_csrf\";i:1;s:32:\"lJxbJnnzPUrZBStaf6lP3Q7eGsSu7Qar\";}'
    'PHPSESSID' => '440b6f30f067c17b7b4a68d21bb2297b'
    '_identity' => '8a451bef1c9e79c505c8a45002b0b9f99ee14281727922c7c18d00cc62a83cdfa:2:{i:0;s:9:\"_identity\";i:1;s:46:\"[1,\"wq6FlOY1ZsioNc2FGU01PubMORGIuf5X\",2592000]\";}'
]

$_SESSION = [
    '__flash' => []
    '__id' => 1
]

$_SERVER = [
    'HTTP_HOST' => 'localhost'
    'HTTP_CONNECTION' => 'keep-alive'
    'HTTP_ACCEPT' => 'text/html,application/xhtml+xml,application/xml;q=0.9,image/webp,*/*;q=0.8'
    'HTTP_UPGRADE_INSECURE_REQUESTS' => '1'
    'HTTP_USER_AGENT' => 'Mozilla/5.0 (Macintosh; Intel Mac OS X 10_11_3) AppleWebKit/537.36 (KHTML, like Gecko) Chrome/48.0.2564.109 Safari/537.36'
    'HTTP_REFERER' => 'http://localhost/kds-dev/frontend/web/index.php?r=kawasan%2Findex'
    'HTTP_ACCEPT_ENCODING' => 'gzip, deflate, sdch'
    'HTTP_ACCEPT_LANGUAGE' => 'en-US,en;q=0.8,ms;q=0.6,id;q=0.4'
    'HTTP_COOKIE' => '_csrf=a4b4cd956b697b75aca681c1e4fc0239dd805af3756198e13143886df621ded4a%3A2%3A%7Bi%3A0%3Bs%3A5%3A%22_csrf%22%3Bi%3A1%3Bs%3A32%3A%22lJxbJnnzPUrZBStaf6lP3Q7eGsSu7Qar%22%3B%7D; PHPSESSID=440b6f30f067c17b7b4a68d21bb2297b; _identity=8a451bef1c9e79c505c8a45002b0b9f99ee14281727922c7c18d00cc62a83cdfa%3A2%3A%7Bi%3A0%3Bs%3A9%3A%22_identity%22%3Bi%3A1%3Bs%3A46%3A%22%5B1%2C%22wq6FlOY1ZsioNc2FGU01PubMORGIuf5X%22%2C2592000%5D%22%3B%7D'
    'PATH' => '/usr/bin:/bin:/usr/sbin:/sbin'
    'SERVER_SIGNATURE' => ''
    'SERVER_SOFTWARE' => 'Apache'
    'SERVER_NAME' => 'localhost'
    'SERVER_ADDR' => '::1'
    'SERVER_PORT' => '80'
    'REMOTE_ADDR' => '::1'
    'DOCUMENT_ROOT' => '/Applications/MAMP/htdocs'
    'SERVER_ADMIN' => 'you@example.com'
    'SCRIPT_FILENAME' => '/Applications/MAMP/htdocs/kds-dev/frontend/web/index.php'
    'REMOTE_PORT' => '60484'
    'GATEWAY_INTERFACE' => 'CGI/1.1'
    'SERVER_PROTOCOL' => 'HTTP/1.1'
    'REQUEST_METHOD' => 'GET'
    'QUERY_STRING' => 'r=kawasan%2Fstate&id=12'
    'REQUEST_URI' => '/kds-dev/frontend/web/index.php?r=kawasan%2Fstate&id=12'
    'SCRIPT_NAME' => '/kds-dev/frontend/web/index.php'
    'PHP_SELF' => '/kds-dev/frontend/web/index.php'
    'REQUEST_TIME_FLOAT' => 1455508129.62
    'REQUEST_TIME' => 1455508129
    'argv' => [
        0 => 'r=kawasan%2Fstate&id=12'
    ]
    'argc' => 1
]
2016-02-15 16:18:49 [::1][1][440b6f30f067c17b7b4a68d21bb2297b][error][yii\base\ErrorException:4096] exception 'yii\base\ErrorException' with message 'Object of class common\models\CountIsu could not be converted to string' in /Applications/MAMP/htdocs/kds-dev/frontend/views/kawasan/state.php:95
Stack trace:
#0 /Applications/MAMP/htdocs/kds-dev/frontend/views/kawasan/state.php(95): yii\base\ErrorHandler->handleError(4096, 'Object of class...', '/Applications/M...', 95, Array)
#1 /Applications/MAMP/htdocs/kds-dev/vendor/yiisoft/yii2/base/View.php(325): require('/Applications/M...')
#2 /Applications/MAMP/htdocs/kds-dev/vendor/yiisoft/yii2/base/View.php(247): yii\base\View->renderPhpFile('/Applications/M...', Array)
#3 /Applications/MAMP/htdocs/kds-dev/vendor/yiisoft/yii2/base/View.php(149): yii\base\View->renderFile('/Applications/M...', Array, Object(frontend\controllers\KawasanController))
#4 /Applications/MAMP/htdocs/kds-dev/vendor/yiisoft/yii2/base/Controller.php(377): yii\base\View->render('state', Array, Object(frontend\controllers\KawasanController))
#5 /Applications/MAMP/htdocs/kds-dev/frontend/controllers/KawasanController.php(59): yii\base\Controller->render('state', Array)
#6 [internal function]: frontend\controllers\KawasanController->actionState('12')
#7 /Applications/MAMP/htdocs/kds-dev/vendor/yiisoft/yii2/base/InlineAction.php(55): call_user_func_array(Array, Array)
#8 /Applications/MAMP/htdocs/kds-dev/vendor/yiisoft/yii2/base/Controller.php(154): yii\base\InlineAction->runWithParams(Array)
#9 /Applications/MAMP/htdocs/kds-dev/vendor/yiisoft/yii2/base/Module.php(454): yii\base\Controller->runAction('state', Array)
#10 /Applications/MAMP/htdocs/kds-dev/vendor/yiisoft/yii2/web/Application.php(84): yii\base\Module->runAction('kawasan/state', Array)
#11 /Applications/MAMP/htdocs/kds-dev/vendor/yiisoft/yii2/base/Application.php(375): yii\web\Application->handleRequest(Object(yii\web\Request))
#12 /Applications/MAMP/htdocs/kds-dev/frontend/web/index.php(18): yii\base\Application->run()
#13 {main}
2016-02-15 16:18:48 [::1][1][440b6f30f067c17b7b4a68d21bb2297b][info][application] $_GET = [
    'r' => 'kawasan/state'
    'id' => '12'
]

$_COOKIE = [
    '_csrf' => 'a4b4cd956b697b75aca681c1e4fc0239dd805af3756198e13143886df621ded4a:2:{i:0;s:5:\"_csrf\";i:1;s:32:\"lJxbJnnzPUrZBStaf6lP3Q7eGsSu7Qar\";}'
    'PHPSESSID' => '440b6f30f067c17b7b4a68d21bb2297b'
    '_identity' => '8a451bef1c9e79c505c8a45002b0b9f99ee14281727922c7c18d00cc62a83cdfa:2:{i:0;s:9:\"_identity\";i:1;s:46:\"[1,\"wq6FlOY1ZsioNc2FGU01PubMORGIuf5X\",2592000]\";}'
]

$_SESSION = [
    '__flash' => []
    '__id' => 1
]

$_SERVER = [
    'HTTP_HOST' => 'localhost'
    'HTTP_CONNECTION' => 'keep-alive'
    'HTTP_CACHE_CONTROL' => 'max-age=0'
    'HTTP_ACCEPT' => 'text/html,application/xhtml+xml,application/xml;q=0.9,image/webp,*/*;q=0.8'
    'HTTP_UPGRADE_INSECURE_REQUESTS' => '1'
    'HTTP_USER_AGENT' => 'Mozilla/5.0 (Macintosh; Intel Mac OS X 10_11_3) AppleWebKit/537.36 (KHTML, like Gecko) Chrome/48.0.2564.109 Safari/537.36'
    'HTTP_REFERER' => 'http://localhost/kds-dev/frontend/web/index.php?r=kawasan%2Findex'
    'HTTP_ACCEPT_ENCODING' => 'gzip, deflate, sdch'
    'HTTP_ACCEPT_LANGUAGE' => 'en-US,en;q=0.8,ms;q=0.6,id;q=0.4'
    'HTTP_COOKIE' => '_csrf=a4b4cd956b697b75aca681c1e4fc0239dd805af3756198e13143886df621ded4a%3A2%3A%7Bi%3A0%3Bs%3A5%3A%22_csrf%22%3Bi%3A1%3Bs%3A32%3A%22lJxbJnnzPUrZBStaf6lP3Q7eGsSu7Qar%22%3B%7D; PHPSESSID=440b6f30f067c17b7b4a68d21bb2297b; _identity=8a451bef1c9e79c505c8a45002b0b9f99ee14281727922c7c18d00cc62a83cdfa%3A2%3A%7Bi%3A0%3Bs%3A9%3A%22_identity%22%3Bi%3A1%3Bs%3A46%3A%22%5B1%2C%22wq6FlOY1ZsioNc2FGU01PubMORGIuf5X%22%2C2592000%5D%22%3B%7D'
    'PATH' => '/usr/bin:/bin:/usr/sbin:/sbin'
    'SERVER_SIGNATURE' => ''
    'SERVER_SOFTWARE' => 'Apache'
    'SERVER_NAME' => 'localhost'
    'SERVER_ADDR' => '::1'
    'SERVER_PORT' => '80'
    'REMOTE_ADDR' => '::1'
    'DOCUMENT_ROOT' => '/Applications/MAMP/htdocs'
    'SERVER_ADMIN' => 'you@example.com'
    'SCRIPT_FILENAME' => '/Applications/MAMP/htdocs/kds-dev/frontend/web/index.php'
    'REMOTE_PORT' => '54047'
    'GATEWAY_INTERFACE' => 'CGI/1.1'
    'SERVER_PROTOCOL' => 'HTTP/1.1'
    'REQUEST_METHOD' => 'GET'
    'QUERY_STRING' => 'r=kawasan%2Fstate&id=12'
    'REQUEST_URI' => '/kds-dev/frontend/web/index.php?r=kawasan%2Fstate&id=12'
    'SCRIPT_NAME' => '/kds-dev/frontend/web/index.php'
    'PHP_SELF' => '/kds-dev/frontend/web/index.php'
    'REQUEST_TIME_FLOAT' => 1455524328.65
    'REQUEST_TIME' => 1455524328
    'argv' => [
        0 => 'r=kawasan%2Fstate&id=12'
    ]
    'argc' => 1
]
2016-02-15 16:48:06 [::1][1][becf5c0c46345abc13d89deaf5d1d963][error][yii\base\ErrorException:8] exception 'yii\base\ErrorException' with message 'Undefined variable: count_profil' in /Applications/MAMP/htdocs/kds-dev/frontend/views/kawasan/state.php:65
Stack trace:
#0 /Applications/MAMP/htdocs/kds-dev/frontend/views/kawasan/state.php(65): yii\base\ErrorHandler->handleError(8, 'Undefined varia...', '/Applications/M...', 65, Array)
#1 /Applications/MAMP/htdocs/kds-dev/vendor/yiisoft/yii2/base/View.php(325): require('/Applications/M...')
#2 /Applications/MAMP/htdocs/kds-dev/vendor/yiisoft/yii2/base/View.php(247): yii\base\View->renderPhpFile('/Applications/M...', Array)
#3 /Applications/MAMP/htdocs/kds-dev/vendor/yiisoft/yii2/base/View.php(149): yii\base\View->renderFile('/Applications/M...', Array, Object(frontend\controllers\KawasanController))
#4 /Applications/MAMP/htdocs/kds-dev/vendor/yiisoft/yii2/base/Controller.php(377): yii\base\View->render('state', Array, Object(frontend\controllers\KawasanController))
#5 /Applications/MAMP/htdocs/kds-dev/frontend/controllers/KawasanController.php(62): yii\base\Controller->render('state', Array)
#6 [internal function]: frontend\controllers\KawasanController->actionState('22')
#7 /Applications/MAMP/htdocs/kds-dev/vendor/yiisoft/yii2/base/InlineAction.php(55): call_user_func_array(Array, Array)
#8 /Applications/MAMP/htdocs/kds-dev/vendor/yiisoft/yii2/base/Controller.php(154): yii\base\InlineAction->runWithParams(Array)
#9 /Applications/MAMP/htdocs/kds-dev/vendor/yiisoft/yii2/base/Module.php(454): yii\base\Controller->runAction('state', Array)
#10 /Applications/MAMP/htdocs/kds-dev/vendor/yiisoft/yii2/web/Application.php(84): yii\base\Module->runAction('kawasan/state', Array)
#11 /Applications/MAMP/htdocs/kds-dev/vendor/yiisoft/yii2/base/Application.php(375): yii\web\Application->handleRequest(Object(yii\web\Request))
#12 /Applications/MAMP/htdocs/kds-dev/frontend/web/index.php(18): yii\base\Application->run()
#13 {main}
2016-02-15 16:48:05 [::1][1][becf5c0c46345abc13d89deaf5d1d963][info][application] $_GET = [
    'r' => 'kawasan/state'
    'id' => '22'
]

$_COOKIE = [
    'PHPSESSID' => 'becf5c0c46345abc13d89deaf5d1d963'
    '_csrf' => 'ccf7a2190dba9e80b2db06643758e435145b0202b852d8e44965a6ca68980d07a:2:{i:0;s:5:\"_csrf\";i:1;s:32:\"ej_yfqujqYdAn9OF1xxa6Lh37EbJt1qm\";}'
    '_identity' => '8a451bef1c9e79c505c8a45002b0b9f99ee14281727922c7c18d00cc62a83cdfa:2:{i:0;s:9:\"_identity\";i:1;s:46:\"[1,\"wq6FlOY1ZsioNc2FGU01PubMORGIuf5X\",2592000]\";}'
]

$_SESSION = [
    '__flash' => []
    '__id' => 1
]

$_SERVER = [
    'HTTP_HOST' => 'localhost'
    'HTTP_CONNECTION' => 'keep-alive'
    'HTTP_CACHE_CONTROL' => 'max-age=0'
    'HTTP_ACCEPT' => 'text/html,application/xhtml+xml,application/xml;q=0.9,image/webp,*/*;q=0.8'
    'HTTP_UPGRADE_INSECURE_REQUESTS' => '1'
    'HTTP_USER_AGENT' => 'Mozilla/5.0 (Macintosh; Intel Mac OS X 10_11_3) AppleWebKit/537.36 (KHTML, like Gecko) Chrome/48.0.2564.109 Safari/537.36'
    'HTTP_REFERER' => 'http://localhost/kds-dev/frontend/web/index.php?r=kawasan%2Findex'
    'HTTP_ACCEPT_ENCODING' => 'gzip, deflate, sdch'
    'HTTP_ACCEPT_LANGUAGE' => 'en-US,en;q=0.8,ms;q=0.6,id;q=0.4'
    'HTTP_COOKIE' => 'PHPSESSID=becf5c0c46345abc13d89deaf5d1d963; _csrf=ccf7a2190dba9e80b2db06643758e435145b0202b852d8e44965a6ca68980d07a%3A2%3A%7Bi%3A0%3Bs%3A5%3A%22_csrf%22%3Bi%3A1%3Bs%3A32%3A%22ej_yfqujqYdAn9OF1xxa6Lh37EbJt1qm%22%3B%7D; _identity=8a451bef1c9e79c505c8a45002b0b9f99ee14281727922c7c18d00cc62a83cdfa%3A2%3A%7Bi%3A0%3Bs%3A9%3A%22_identity%22%3Bi%3A1%3Bs%3A46%3A%22%5B1%2C%22wq6FlOY1ZsioNc2FGU01PubMORGIuf5X%22%2C2592000%5D%22%3B%7D'
    'PATH' => '/usr/bin:/bin:/usr/sbin:/sbin'
    'SERVER_SIGNATURE' => ''
    'SERVER_SOFTWARE' => 'Apache'
    'SERVER_NAME' => 'localhost'
    'SERVER_ADDR' => '::1'
    'SERVER_PORT' => '80'
    'REMOTE_ADDR' => '::1'
    'DOCUMENT_ROOT' => '/Applications/MAMP/htdocs'
    'SERVER_ADMIN' => 'you@example.com'
    'SCRIPT_FILENAME' => '/Applications/MAMP/htdocs/kds-dev/frontend/web/index.php'
    'REMOTE_PORT' => '58856'
    'GATEWAY_INTERFACE' => 'CGI/1.1'
    'SERVER_PROTOCOL' => 'HTTP/1.1'
    'REQUEST_METHOD' => 'GET'
    'QUERY_STRING' => 'r=kawasan%2Fstate&id=22'
    'REQUEST_URI' => '/kds-dev/frontend/web/index.php?r=kawasan%2Fstate&id=22'
    'SCRIPT_NAME' => '/kds-dev/frontend/web/index.php'
    'PHP_SELF' => '/kds-dev/frontend/web/index.php'
    'REQUEST_TIME_FLOAT' => 1455526085.86
    'REQUEST_TIME' => 1455526085
    'argv' => [
        0 => 'r=kawasan%2Fstate&id=22'
    ]
    'argc' => 1
]
2016-02-15 16:50:36 [::1][1][becf5c0c46345abc13d89deaf5d1d963][error][yii\base\ErrorException:8] exception 'yii\base\ErrorException' with message 'Undefined variable: state_id_get' in /Applications/MAMP/htdocs/kds-dev/frontend/controllers/KawasanController.php:51
Stack trace:
#0 /Applications/MAMP/htdocs/kds-dev/frontend/controllers/KawasanController.php(51): yii\base\ErrorHandler->handleError(8, 'Undefined varia...', '/Applications/M...', 51, Array)
#1 [internal function]: frontend\controllers\KawasanController->actionState('22')
#2 /Applications/MAMP/htdocs/kds-dev/vendor/yiisoft/yii2/base/InlineAction.php(55): call_user_func_array(Array, Array)
#3 /Applications/MAMP/htdocs/kds-dev/vendor/yiisoft/yii2/base/Controller.php(154): yii\base\InlineAction->runWithParams(Array)
#4 /Applications/MAMP/htdocs/kds-dev/vendor/yiisoft/yii2/base/Module.php(454): yii\base\Controller->runAction('state', Array)
#5 /Applications/MAMP/htdocs/kds-dev/vendor/yiisoft/yii2/web/Application.php(84): yii\base\Module->runAction('kawasan/state', Array)
#6 /Applications/MAMP/htdocs/kds-dev/vendor/yiisoft/yii2/base/Application.php(375): yii\web\Application->handleRequest(Object(yii\web\Request))
#7 /Applications/MAMP/htdocs/kds-dev/frontend/web/index.php(18): yii\base\Application->run()
#8 {main}
2016-02-15 16:50:36 [::1][1][becf5c0c46345abc13d89deaf5d1d963][info][application] $_GET = [
    'r' => 'kawasan/state'
    'id' => '22'
]

$_COOKIE = [
    'PHPSESSID' => 'becf5c0c46345abc13d89deaf5d1d963'
    '_csrf' => 'ccf7a2190dba9e80b2db06643758e435145b0202b852d8e44965a6ca68980d07a:2:{i:0;s:5:\"_csrf\";i:1;s:32:\"ej_yfqujqYdAn9OF1xxa6Lh37EbJt1qm\";}'
    '_identity' => '8a451bef1c9e79c505c8a45002b0b9f99ee14281727922c7c18d00cc62a83cdfa:2:{i:0;s:9:\"_identity\";i:1;s:46:\"[1,\"wq6FlOY1ZsioNc2FGU01PubMORGIuf5X\",2592000]\";}'
]

$_SESSION = [
    '__flash' => []
    '__id' => 1
]

$_SERVER = [
    'HTTP_HOST' => 'localhost'
    'HTTP_CONNECTION' => 'keep-alive'
    'HTTP_CACHE_CONTROL' => 'max-age=0'
    'HTTP_ACCEPT' => 'text/html,application/xhtml+xml,application/xml;q=0.9,image/webp,*/*;q=0.8'
    'HTTP_UPGRADE_INSECURE_REQUESTS' => '1'
    'HTTP_USER_AGENT' => 'Mozilla/5.0 (Macintosh; Intel Mac OS X 10_11_3) AppleWebKit/537.36 (KHTML, like Gecko) Chrome/48.0.2564.109 Safari/537.36'
    'HTTP_REFERER' => 'http://localhost/kds-dev/frontend/web/index.php?r=kawasan%2Findex'
    'HTTP_ACCEPT_ENCODING' => 'gzip, deflate, sdch'
    'HTTP_ACCEPT_LANGUAGE' => 'en-US,en;q=0.8,ms;q=0.6,id;q=0.4'
    'HTTP_COOKIE' => 'PHPSESSID=becf5c0c46345abc13d89deaf5d1d963; _csrf=ccf7a2190dba9e80b2db06643758e435145b0202b852d8e44965a6ca68980d07a%3A2%3A%7Bi%3A0%3Bs%3A5%3A%22_csrf%22%3Bi%3A1%3Bs%3A32%3A%22ej_yfqujqYdAn9OF1xxa6Lh37EbJt1qm%22%3B%7D; _identity=8a451bef1c9e79c505c8a45002b0b9f99ee14281727922c7c18d00cc62a83cdfa%3A2%3A%7Bi%3A0%3Bs%3A9%3A%22_identity%22%3Bi%3A1%3Bs%3A46%3A%22%5B1%2C%22wq6FlOY1ZsioNc2FGU01PubMORGIuf5X%22%2C2592000%5D%22%3B%7D'
    'PATH' => '/usr/bin:/bin:/usr/sbin:/sbin'
    'SERVER_SIGNATURE' => ''
    'SERVER_SOFTWARE' => 'Apache'
    'SERVER_NAME' => 'localhost'
    'SERVER_ADDR' => '::1'
    'SERVER_PORT' => '80'
    'REMOTE_ADDR' => '::1'
    'DOCUMENT_ROOT' => '/Applications/MAMP/htdocs'
    'SERVER_ADMIN' => 'you@example.com'
    'SCRIPT_FILENAME' => '/Applications/MAMP/htdocs/kds-dev/frontend/web/index.php'
    'REMOTE_PORT' => '60626'
    'GATEWAY_INTERFACE' => 'CGI/1.1'
    'SERVER_PROTOCOL' => 'HTTP/1.1'
    'REQUEST_METHOD' => 'GET'
    'QUERY_STRING' => 'r=kawasan%2Fstate&id=22'
    'REQUEST_URI' => '/kds-dev/frontend/web/index.php?r=kawasan%2Fstate&id=22'
    'SCRIPT_NAME' => '/kds-dev/frontend/web/index.php'
    'PHP_SELF' => '/kds-dev/frontend/web/index.php'
    'REQUEST_TIME_FLOAT' => 1455526236
    'REQUEST_TIME' => 1455526236
    'argv' => [
        0 => 'r=kawasan%2Fstate&id=22'
    ]
    'argc' => 1
]
2016-02-15 19:14:51 [::1][1][becf5c0c46345abc13d89deaf5d1d963][error][yii\base\ErrorException:8] exception 'yii\base\ErrorException' with message 'Undefined variable: connection' in /Applications/MAMP/htdocs/kds-dev/frontend/controllers/KawasanController.php:54
Stack trace:
#0 /Applications/MAMP/htdocs/kds-dev/frontend/controllers/KawasanController.php(54): yii\base\ErrorHandler->handleError(8, 'Undefined varia...', '/Applications/M...', 54, Array)
#1 [internal function]: frontend\controllers\KawasanController->actionState('12')
#2 /Applications/MAMP/htdocs/kds-dev/vendor/yiisoft/yii2/base/InlineAction.php(55): call_user_func_array(Array, Array)
#3 /Applications/MAMP/htdocs/kds-dev/vendor/yiisoft/yii2/base/Controller.php(154): yii\base\InlineAction->runWithParams(Array)
#4 /Applications/MAMP/htdocs/kds-dev/vendor/yiisoft/yii2/base/Module.php(454): yii\base\Controller->runAction('state', Array)
#5 /Applications/MAMP/htdocs/kds-dev/vendor/yiisoft/yii2/web/Application.php(84): yii\base\Module->runAction('kawasan/state', Array)
#6 /Applications/MAMP/htdocs/kds-dev/vendor/yiisoft/yii2/base/Application.php(375): yii\web\Application->handleRequest(Object(yii\web\Request))
#7 /Applications/MAMP/htdocs/kds-dev/frontend/web/index.php(18): yii\base\Application->run()
#8 {main}
2016-02-15 19:14:49 [::1][1][becf5c0c46345abc13d89deaf5d1d963][info][application] $_GET = [
    'r' => 'kawasan/state'
    'id' => '12'
]

$_COOKIE = [
    'PHPSESSID' => 'becf5c0c46345abc13d89deaf5d1d963'
    '_csrf' => 'ccf7a2190dba9e80b2db06643758e435145b0202b852d8e44965a6ca68980d07a:2:{i:0;s:5:\"_csrf\";i:1;s:32:\"ej_yfqujqYdAn9OF1xxa6Lh37EbJt1qm\";}'
    '_identity' => '8a451bef1c9e79c505c8a45002b0b9f99ee14281727922c7c18d00cc62a83cdfa:2:{i:0;s:9:\"_identity\";i:1;s:46:\"[1,\"wq6FlOY1ZsioNc2FGU01PubMORGIuf5X\",2592000]\";}'
]

$_SESSION = [
    '__flash' => []
    '__id' => 1
]

$_SERVER = [
    'HTTP_HOST' => 'localhost'
    'HTTP_CONNECTION' => 'keep-alive'
    'HTTP_CACHE_CONTROL' => 'max-age=0'
    'HTTP_ACCEPT' => 'text/html,application/xhtml+xml,application/xml;q=0.9,image/webp,*/*;q=0.8'
    'HTTP_UPGRADE_INSECURE_REQUESTS' => '1'
    'HTTP_USER_AGENT' => 'Mozilla/5.0 (Macintosh; Intel Mac OS X 10_11_3) AppleWebKit/537.36 (KHTML, like Gecko) Chrome/48.0.2564.109 Safari/537.36'
    'HTTP_REFERER' => 'http://localhost/kds-dev/frontend/web/index.php?r=kawasan%2Findex'
    'HTTP_ACCEPT_ENCODING' => 'gzip, deflate, sdch'
    'HTTP_ACCEPT_LANGUAGE' => 'en-US,en;q=0.8,ms;q=0.6,id;q=0.4'
    'HTTP_COOKIE' => 'PHPSESSID=becf5c0c46345abc13d89deaf5d1d963; _csrf=ccf7a2190dba9e80b2db06643758e435145b0202b852d8e44965a6ca68980d07a%3A2%3A%7Bi%3A0%3Bs%3A5%3A%22_csrf%22%3Bi%3A1%3Bs%3A32%3A%22ej_yfqujqYdAn9OF1xxa6Lh37EbJt1qm%22%3B%7D; _identity=8a451bef1c9e79c505c8a45002b0b9f99ee14281727922c7c18d00cc62a83cdfa%3A2%3A%7Bi%3A0%3Bs%3A9%3A%22_identity%22%3Bi%3A1%3Bs%3A46%3A%22%5B1%2C%22wq6FlOY1ZsioNc2FGU01PubMORGIuf5X%22%2C2592000%5D%22%3B%7D'
    'PATH' => '/usr/bin:/bin:/usr/sbin:/sbin'
    'SERVER_SIGNATURE' => ''
    'SERVER_SOFTWARE' => 'Apache'
    'SERVER_NAME' => 'localhost'
    'SERVER_ADDR' => '::1'
    'SERVER_PORT' => '80'
    'REMOTE_ADDR' => '::1'
    'DOCUMENT_ROOT' => '/Applications/MAMP/htdocs'
    'SERVER_ADMIN' => 'you@example.com'
    'SCRIPT_FILENAME' => '/Applications/MAMP/htdocs/kds-dev/frontend/web/index.php'
    'REMOTE_PORT' => '64950'
    'GATEWAY_INTERFACE' => 'CGI/1.1'
    'SERVER_PROTOCOL' => 'HTTP/1.1'
    'REQUEST_METHOD' => 'GET'
    'QUERY_STRING' => 'r=kawasan%2Fstate&id=12'
    'REQUEST_URI' => '/kds-dev/frontend/web/index.php?r=kawasan%2Fstate&id=12'
    'SCRIPT_NAME' => '/kds-dev/frontend/web/index.php'
    'PHP_SELF' => '/kds-dev/frontend/web/index.php'
    'REQUEST_TIME_FLOAT' => 1455534889.97
    'REQUEST_TIME' => 1455534889
    'argv' => [
        0 => 'r=kawasan%2Fstate&id=12'
    ]
    'argc' => 1
]
2016-02-15 19:15:17 [::1][1][becf5c0c46345abc13d89deaf5d1d963][error][yii\base\ErrorException:8] exception 'yii\base\ErrorException' with message 'Undefined variable: demographic' in /Applications/MAMP/htdocs/kds-dev/frontend/controllers/KawasanController.php:57
Stack trace:
#0 /Applications/MAMP/htdocs/kds-dev/frontend/controllers/KawasanController.php(57): yii\base\ErrorHandler->handleError(8, 'Undefined varia...', '/Applications/M...', 57, Array)
#1 [internal function]: frontend\controllers\KawasanController->actionState('12')
#2 /Applications/MAMP/htdocs/kds-dev/vendor/yiisoft/yii2/base/InlineAction.php(55): call_user_func_array(Array, Array)
#3 /Applications/MAMP/htdocs/kds-dev/vendor/yiisoft/yii2/base/Controller.php(154): yii\base\InlineAction->runWithParams(Array)
#4 /Applications/MAMP/htdocs/kds-dev/vendor/yiisoft/yii2/base/Module.php(454): yii\base\Controller->runAction('state', Array)
#5 /Applications/MAMP/htdocs/kds-dev/vendor/yiisoft/yii2/web/Application.php(84): yii\base\Module->runAction('kawasan/state', Array)
#6 /Applications/MAMP/htdocs/kds-dev/vendor/yiisoft/yii2/base/Application.php(375): yii\web\Application->handleRequest(Object(yii\web\Request))
#7 /Applications/MAMP/htdocs/kds-dev/frontend/web/index.php(18): yii\base\Application->run()
#8 {main}
2016-02-15 19:15:17 [::1][1][becf5c0c46345abc13d89deaf5d1d963][info][application] $_GET = [
    'r' => 'kawasan/state'
    'id' => '12'
]

$_COOKIE = [
    'PHPSESSID' => 'becf5c0c46345abc13d89deaf5d1d963'
    '_csrf' => 'ccf7a2190dba9e80b2db06643758e435145b0202b852d8e44965a6ca68980d07a:2:{i:0;s:5:\"_csrf\";i:1;s:32:\"ej_yfqujqYdAn9OF1xxa6Lh37EbJt1qm\";}'
    '_identity' => '8a451bef1c9e79c505c8a45002b0b9f99ee14281727922c7c18d00cc62a83cdfa:2:{i:0;s:9:\"_identity\";i:1;s:46:\"[1,\"wq6FlOY1ZsioNc2FGU01PubMORGIuf5X\",2592000]\";}'
]

$_SESSION = [
    '__flash' => []
    '__id' => 1
]

$_SERVER = [
    'HTTP_HOST' => 'localhost'
    'HTTP_CONNECTION' => 'keep-alive'
    'HTTP_CACHE_CONTROL' => 'max-age=0'
    'HTTP_ACCEPT' => 'text/html,application/xhtml+xml,application/xml;q=0.9,image/webp,*/*;q=0.8'
    'HTTP_UPGRADE_INSECURE_REQUESTS' => '1'
    'HTTP_USER_AGENT' => 'Mozilla/5.0 (Macintosh; Intel Mac OS X 10_11_3) AppleWebKit/537.36 (KHTML, like Gecko) Chrome/48.0.2564.109 Safari/537.36'
    'HTTP_REFERER' => 'http://localhost/kds-dev/frontend/web/index.php?r=kawasan%2Findex'
    'HTTP_ACCEPT_ENCODING' => 'gzip, deflate, sdch'
    'HTTP_ACCEPT_LANGUAGE' => 'en-US,en;q=0.8,ms;q=0.6,id;q=0.4'
    'HTTP_COOKIE' => 'PHPSESSID=becf5c0c46345abc13d89deaf5d1d963; _csrf=ccf7a2190dba9e80b2db06643758e435145b0202b852d8e44965a6ca68980d07a%3A2%3A%7Bi%3A0%3Bs%3A5%3A%22_csrf%22%3Bi%3A1%3Bs%3A32%3A%22ej_yfqujqYdAn9OF1xxa6Lh37EbJt1qm%22%3B%7D; _identity=8a451bef1c9e79c505c8a45002b0b9f99ee14281727922c7c18d00cc62a83cdfa%3A2%3A%7Bi%3A0%3Bs%3A9%3A%22_identity%22%3Bi%3A1%3Bs%3A46%3A%22%5B1%2C%22wq6FlOY1ZsioNc2FGU01PubMORGIuf5X%22%2C2592000%5D%22%3B%7D'
    'PATH' => '/usr/bin:/bin:/usr/sbin:/sbin'
    'SERVER_SIGNATURE' => ''
    'SERVER_SOFTWARE' => 'Apache'
    'SERVER_NAME' => 'localhost'
    'SERVER_ADDR' => '::1'
    'SERVER_PORT' => '80'
    'REMOTE_ADDR' => '::1'
    'DOCUMENT_ROOT' => '/Applications/MAMP/htdocs'
    'SERVER_ADMIN' => 'you@example.com'
    'SCRIPT_FILENAME' => '/Applications/MAMP/htdocs/kds-dev/frontend/web/index.php'
    'REMOTE_PORT' => '65277'
    'GATEWAY_INTERFACE' => 'CGI/1.1'
    'SERVER_PROTOCOL' => 'HTTP/1.1'
    'REQUEST_METHOD' => 'GET'
    'QUERY_STRING' => 'r=kawasan%2Fstate&id=12'
    'REQUEST_URI' => '/kds-dev/frontend/web/index.php?r=kawasan%2Fstate&id=12'
    'SCRIPT_NAME' => '/kds-dev/frontend/web/index.php'
    'PHP_SELF' => '/kds-dev/frontend/web/index.php'
    'REQUEST_TIME_FLOAT' => 1455534917.01
    'REQUEST_TIME' => 1455534917
    'argv' => [
        0 => 'r=kawasan%2Fstate&id=12'
    ]
    'argc' => 1
]
2016-02-15 19:15:34 [::1][1][becf5c0c46345abc13d89deaf5d1d963][error][yii\base\ErrorException:8] exception 'yii\base\ErrorException' with message 'Undefined variable: countDemographic' in /Applications/MAMP/htdocs/kds-dev/frontend/views/kawasan/state.php:151
Stack trace:
#0 /Applications/MAMP/htdocs/kds-dev/frontend/views/kawasan/state.php(151): yii\base\ErrorHandler->handleError(8, 'Undefined varia...', '/Applications/M...', 151, Array)
#1 /Applications/MAMP/htdocs/kds-dev/vendor/yiisoft/yii2/base/View.php(325): require('/Applications/M...')
#2 /Applications/MAMP/htdocs/kds-dev/vendor/yiisoft/yii2/base/View.php(247): yii\base\View->renderPhpFile('/Applications/M...', Array)
#3 /Applications/MAMP/htdocs/kds-dev/vendor/yiisoft/yii2/base/View.php(149): yii\base\View->renderFile('/Applications/M...', Array, Object(frontend\controllers\KawasanController))
#4 /Applications/MAMP/htdocs/kds-dev/vendor/yiisoft/yii2/base/Controller.php(377): yii\base\View->render('state', Array, Object(frontend\controllers\KawasanController))
#5 /Applications/MAMP/htdocs/kds-dev/frontend/controllers/KawasanController.php(72): yii\base\Controller->render('state', Array)
#6 [internal function]: frontend\controllers\KawasanController->actionState('12')
#7 /Applications/MAMP/htdocs/kds-dev/vendor/yiisoft/yii2/base/InlineAction.php(55): call_user_func_array(Array, Array)
#8 /Applications/MAMP/htdocs/kds-dev/vendor/yiisoft/yii2/base/Controller.php(154): yii\base\InlineAction->runWithParams(Array)
#9 /Applications/MAMP/htdocs/kds-dev/vendor/yiisoft/yii2/base/Module.php(454): yii\base\Controller->runAction('state', Array)
#10 /Applications/MAMP/htdocs/kds-dev/vendor/yiisoft/yii2/web/Application.php(84): yii\base\Module->runAction('kawasan/state', Array)
#11 /Applications/MAMP/htdocs/kds-dev/vendor/yiisoft/yii2/base/Application.php(375): yii\web\Application->handleRequest(Object(yii\web\Request))
#12 /Applications/MAMP/htdocs/kds-dev/frontend/web/index.php(18): yii\base\Application->run()
#13 {main}
2016-02-15 19:15:34 [::1][1][becf5c0c46345abc13d89deaf5d1d963][info][application] $_GET = [
    'r' => 'kawasan/state'
    'id' => '12'
]

$_COOKIE = [
    'PHPSESSID' => 'becf5c0c46345abc13d89deaf5d1d963'
    '_csrf' => 'ccf7a2190dba9e80b2db06643758e435145b0202b852d8e44965a6ca68980d07a:2:{i:0;s:5:\"_csrf\";i:1;s:32:\"ej_yfqujqYdAn9OF1xxa6Lh37EbJt1qm\";}'
    '_identity' => '8a451bef1c9e79c505c8a45002b0b9f99ee14281727922c7c18d00cc62a83cdfa:2:{i:0;s:9:\"_identity\";i:1;s:46:\"[1,\"wq6FlOY1ZsioNc2FGU01PubMORGIuf5X\",2592000]\";}'
]

$_SESSION = [
    '__flash' => []
    '__id' => 1
]

$_SERVER = [
    'HTTP_HOST' => 'localhost'
    'HTTP_CONNECTION' => 'keep-alive'
    'HTTP_CACHE_CONTROL' => 'max-age=0'
    'HTTP_ACCEPT' => 'text/html,application/xhtml+xml,application/xml;q=0.9,image/webp,*/*;q=0.8'
    'HTTP_UPGRADE_INSECURE_REQUESTS' => '1'
    'HTTP_USER_AGENT' => 'Mozilla/5.0 (Macintosh; Intel Mac OS X 10_11_3) AppleWebKit/537.36 (KHTML, like Gecko) Chrome/48.0.2564.109 Safari/537.36'
    'HTTP_REFERER' => 'http://localhost/kds-dev/frontend/web/index.php?r=kawasan%2Findex'
    'HTTP_ACCEPT_ENCODING' => 'gzip, deflate, sdch'
    'HTTP_ACCEPT_LANGUAGE' => 'en-US,en;q=0.8,ms;q=0.6,id;q=0.4'
    'HTTP_COOKIE' => 'PHPSESSID=becf5c0c46345abc13d89deaf5d1d963; _csrf=ccf7a2190dba9e80b2db06643758e435145b0202b852d8e44965a6ca68980d07a%3A2%3A%7Bi%3A0%3Bs%3A5%3A%22_csrf%22%3Bi%3A1%3Bs%3A32%3A%22ej_yfqujqYdAn9OF1xxa6Lh37EbJt1qm%22%3B%7D; _identity=8a451bef1c9e79c505c8a45002b0b9f99ee14281727922c7c18d00cc62a83cdfa%3A2%3A%7Bi%3A0%3Bs%3A9%3A%22_identity%22%3Bi%3A1%3Bs%3A46%3A%22%5B1%2C%22wq6FlOY1ZsioNc2FGU01PubMORGIuf5X%22%2C2592000%5D%22%3B%7D'
    'PATH' => '/usr/bin:/bin:/usr/sbin:/sbin'
    'SERVER_SIGNATURE' => ''
    'SERVER_SOFTWARE' => 'Apache'
    'SERVER_NAME' => 'localhost'
    'SERVER_ADDR' => '::1'
    'SERVER_PORT' => '80'
    'REMOTE_ADDR' => '::1'
    'DOCUMENT_ROOT' => '/Applications/MAMP/htdocs'
    'SERVER_ADMIN' => 'you@example.com'
    'SCRIPT_FILENAME' => '/Applications/MAMP/htdocs/kds-dev/frontend/web/index.php'
    'REMOTE_PORT' => '65471'
    'GATEWAY_INTERFACE' => 'CGI/1.1'
    'SERVER_PROTOCOL' => 'HTTP/1.1'
    'REQUEST_METHOD' => 'GET'
    'QUERY_STRING' => 'r=kawasan%2Fstate&id=12'
    'REQUEST_URI' => '/kds-dev/frontend/web/index.php?r=kawasan%2Fstate&id=12'
    'SCRIPT_NAME' => '/kds-dev/frontend/web/index.php'
    'PHP_SELF' => '/kds-dev/frontend/web/index.php'
    'REQUEST_TIME_FLOAT' => 1455534934
    'REQUEST_TIME' => 1455534934
    'argv' => [
        0 => 'r=kawasan%2Fstate&id=12'
    ]
    'argc' => 1
]
2016-02-15 19:15:44 [::1][1][becf5c0c46345abc13d89deaf5d1d963][error][yii\base\ErrorException:8] exception 'yii\base\ErrorException' with message 'Undefined variable: countDemographic' in /Applications/MAMP/htdocs/kds-dev/frontend/views/kawasan/state.php:151
Stack trace:
#0 /Applications/MAMP/htdocs/kds-dev/frontend/views/kawasan/state.php(151): yii\base\ErrorHandler->handleError(8, 'Undefined varia...', '/Applications/M...', 151, Array)
#1 /Applications/MAMP/htdocs/kds-dev/vendor/yiisoft/yii2/base/View.php(325): require('/Applications/M...')
#2 /Applications/MAMP/htdocs/kds-dev/vendor/yiisoft/yii2/base/View.php(247): yii\base\View->renderPhpFile('/Applications/M...', Array)
#3 /Applications/MAMP/htdocs/kds-dev/vendor/yiisoft/yii2/base/View.php(149): yii\base\View->renderFile('/Applications/M...', Array, Object(frontend\controllers\KawasanController))
#4 /Applications/MAMP/htdocs/kds-dev/vendor/yiisoft/yii2/base/Controller.php(377): yii\base\View->render('state', Array, Object(frontend\controllers\KawasanController))
#5 /Applications/MAMP/htdocs/kds-dev/frontend/controllers/KawasanController.php(72): yii\base\Controller->render('state', Array)
#6 [internal function]: frontend\controllers\KawasanController->actionState('12')
#7 /Applications/MAMP/htdocs/kds-dev/vendor/yiisoft/yii2/base/InlineAction.php(55): call_user_func_array(Array, Array)
#8 /Applications/MAMP/htdocs/kds-dev/vendor/yiisoft/yii2/base/Controller.php(154): yii\base\InlineAction->runWithParams(Array)
#9 /Applications/MAMP/htdocs/kds-dev/vendor/yiisoft/yii2/base/Module.php(454): yii\base\Controller->runAction('state', Array)
#10 /Applications/MAMP/htdocs/kds-dev/vendor/yiisoft/yii2/web/Application.php(84): yii\base\Module->runAction('kawasan/state', Array)
#11 /Applications/MAMP/htdocs/kds-dev/vendor/yiisoft/yii2/base/Application.php(375): yii\web\Application->handleRequest(Object(yii\web\Request))
#12 /Applications/MAMP/htdocs/kds-dev/frontend/web/index.php(18): yii\base\Application->run()
#13 {main}
2016-02-15 19:15:43 [::1][1][becf5c0c46345abc13d89deaf5d1d963][info][application] $_GET = [
    'r' => 'kawasan/state'
    'id' => '12'
]

$_COOKIE = [
    'PHPSESSID' => 'becf5c0c46345abc13d89deaf5d1d963'
    '_csrf' => 'ccf7a2190dba9e80b2db06643758e435145b0202b852d8e44965a6ca68980d07a:2:{i:0;s:5:\"_csrf\";i:1;s:32:\"ej_yfqujqYdAn9OF1xxa6Lh37EbJt1qm\";}'
    '_identity' => '8a451bef1c9e79c505c8a45002b0b9f99ee14281727922c7c18d00cc62a83cdfa:2:{i:0;s:9:\"_identity\";i:1;s:46:\"[1,\"wq6FlOY1ZsioNc2FGU01PubMORGIuf5X\",2592000]\";}'
]

$_SESSION = [
    '__flash' => []
    '__id' => 1
]

$_SERVER = [
    'HTTP_HOST' => 'localhost'
    'HTTP_CONNECTION' => 'keep-alive'
    'HTTP_CACHE_CONTROL' => 'max-age=0'
    'HTTP_ACCEPT' => 'text/html,application/xhtml+xml,application/xml;q=0.9,image/webp,*/*;q=0.8'
    'HTTP_UPGRADE_INSECURE_REQUESTS' => '1'
    'HTTP_USER_AGENT' => 'Mozilla/5.0 (Macintosh; Intel Mac OS X 10_11_3) AppleWebKit/537.36 (KHTML, like Gecko) Chrome/48.0.2564.109 Safari/537.36'
    'HTTP_REFERER' => 'http://localhost/kds-dev/frontend/web/index.php?r=kawasan%2Findex'
    'HTTP_ACCEPT_ENCODING' => 'gzip, deflate, sdch'
    'HTTP_ACCEPT_LANGUAGE' => 'en-US,en;q=0.8,ms;q=0.6,id;q=0.4'
    'HTTP_COOKIE' => 'PHPSESSID=becf5c0c46345abc13d89deaf5d1d963; _csrf=ccf7a2190dba9e80b2db06643758e435145b0202b852d8e44965a6ca68980d07a%3A2%3A%7Bi%3A0%3Bs%3A5%3A%22_csrf%22%3Bi%3A1%3Bs%3A32%3A%22ej_yfqujqYdAn9OF1xxa6Lh37EbJt1qm%22%3B%7D; _identity=8a451bef1c9e79c505c8a45002b0b9f99ee14281727922c7c18d00cc62a83cdfa%3A2%3A%7Bi%3A0%3Bs%3A9%3A%22_identity%22%3Bi%3A1%3Bs%3A46%3A%22%5B1%2C%22wq6FlOY1ZsioNc2FGU01PubMORGIuf5X%22%2C2592000%5D%22%3B%7D'
    'PATH' => '/usr/bin:/bin:/usr/sbin:/sbin'
    'SERVER_SIGNATURE' => ''
    'SERVER_SOFTWARE' => 'Apache'
    'SERVER_NAME' => 'localhost'
    'SERVER_ADDR' => '::1'
    'SERVER_PORT' => '80'
    'REMOTE_ADDR' => '::1'
    'DOCUMENT_ROOT' => '/Applications/MAMP/htdocs'
    'SERVER_ADMIN' => 'you@example.com'
    'SCRIPT_FILENAME' => '/Applications/MAMP/htdocs/kds-dev/frontend/web/index.php'
    'REMOTE_PORT' => '49209'
    'GATEWAY_INTERFACE' => 'CGI/1.1'
    'SERVER_PROTOCOL' => 'HTTP/1.1'
    'REQUEST_METHOD' => 'GET'
    'QUERY_STRING' => 'r=kawasan%2Fstate&id=12'
    'REQUEST_URI' => '/kds-dev/frontend/web/index.php?r=kawasan%2Fstate&id=12'
    'SCRIPT_NAME' => '/kds-dev/frontend/web/index.php'
    'PHP_SELF' => '/kds-dev/frontend/web/index.php'
    'REQUEST_TIME_FLOAT' => 1455534943.89
    'REQUEST_TIME' => 1455534943
    'argv' => [
        0 => 'r=kawasan%2Fstate&id=12'
    ]
    'argc' => 1
]
2016-02-16 09:58:27 [::1][1][3319db690b55f493d6c40b13ab371f42][error][yii\base\ErrorException:1] exception 'yii\base\ErrorException' with message 'Class 'frontend\controllers\Wife' not found' in /Applications/MAMP/htdocs/kds-dev/frontend/controllers/PeopleController.php:49
Stack trace:
#0 [internal function]: yii\base\ErrorHandler->handleFatalError()
#1 {main}
2016-02-16 09:58:27 [::1][1][3319db690b55f493d6c40b13ab371f42][info][application] $_GET = [
    'r' => 'people/view'
    'id' => '5'
]

$_COOKIE = [
    'PHPSESSID' => '3319db690b55f493d6c40b13ab371f42'
    '_csrf' => '5ee01b1507ce94b3bbbbba2342af184519f84cbe810417c0d6a625cab2808388a:2:{i:0;s:5:\"_csrf\";i:1;s:32:\"dRYyFn-1v2SihYSzskebNJs_az5qapSe\";}'
    '_identity' => '8a451bef1c9e79c505c8a45002b0b9f99ee14281727922c7c18d00cc62a83cdfa:2:{i:0;s:9:\"_identity\";i:1;s:46:\"[1,\"wq6FlOY1ZsioNc2FGU01PubMORGIuf5X\",2592000]\";}'
]

$_SESSION = [
    '__flash' => []
    '__id' => 1
]

$_SERVER = [
    'HTTP_HOST' => 'localhost'
    'HTTP_CONNECTION' => 'keep-alive'
    'HTTP_CACHE_CONTROL' => 'max-age=0'
    'HTTP_ACCEPT' => 'text/html,application/xhtml+xml,application/xml;q=0.9,image/webp,*/*;q=0.8'
    'HTTP_UPGRADE_INSECURE_REQUESTS' => '1'
    'HTTP_USER_AGENT' => 'Mozilla/5.0 (Macintosh; Intel Mac OS X 10_11_3) AppleWebKit/537.36 (KHTML, like Gecko) Chrome/48.0.2564.109 Safari/537.36'
    'HTTP_REFERER' => 'http://localhost/kds-dev/frontend/web/index.php?r=people%2Findex'
    'HTTP_ACCEPT_ENCODING' => 'gzip, deflate, sdch'
    'HTTP_ACCEPT_LANGUAGE' => 'en-US,en;q=0.8,ms;q=0.6,id;q=0.4'
    'HTTP_COOKIE' => 'PHPSESSID=3319db690b55f493d6c40b13ab371f42; _csrf=5ee01b1507ce94b3bbbbba2342af184519f84cbe810417c0d6a625cab2808388a%3A2%3A%7Bi%3A0%3Bs%3A5%3A%22_csrf%22%3Bi%3A1%3Bs%3A32%3A%22dRYyFn-1v2SihYSzskebNJs_az5qapSe%22%3B%7D; _identity=8a451bef1c9e79c505c8a45002b0b9f99ee14281727922c7c18d00cc62a83cdfa%3A2%3A%7Bi%3A0%3Bs%3A9%3A%22_identity%22%3Bi%3A1%3Bs%3A46%3A%22%5B1%2C%22wq6FlOY1ZsioNc2FGU01PubMORGIuf5X%22%2C2592000%5D%22%3B%7D'
    'PATH' => '/usr/bin:/bin:/usr/sbin:/sbin'
    'SERVER_SIGNATURE' => ''
    'SERVER_SOFTWARE' => 'Apache'
    'SERVER_NAME' => 'localhost'
    'SERVER_ADDR' => '::1'
    'SERVER_PORT' => '80'
    'REMOTE_ADDR' => '::1'
    'DOCUMENT_ROOT' => '/Applications/MAMP/htdocs'
    'SERVER_ADMIN' => 'you@example.com'
    'SCRIPT_FILENAME' => '/Applications/MAMP/htdocs/kds-dev/frontend/web/index.php'
    'REMOTE_PORT' => '56038'
    'GATEWAY_INTERFACE' => 'CGI/1.1'
    'SERVER_PROTOCOL' => 'HTTP/1.1'
    'REQUEST_METHOD' => 'GET'
    'QUERY_STRING' => 'r=people%2Fview&id=5'
    'REQUEST_URI' => '/kds-dev/frontend/web/index.php?r=people%2Fview&id=5'
    'SCRIPT_NAME' => '/kds-dev/frontend/web/index.php'
    'PHP_SELF' => '/kds-dev/frontend/web/index.php'
    'REQUEST_TIME_FLOAT' => 1455587907.39
    'REQUEST_TIME' => 1455587907
    'argv' => [
        0 => 'r=people%2Fview&id=5'
    ]
    'argc' => 1
]
2016-02-16 10:30:40 [::1][1][6ccb088f5c3f22e1b1c33271d1b598ed][error][yii\base\ErrorException:1] exception 'yii\base\ErrorException' with message 'Class 'frontend\controllers\ActiveDataProvider' not found' in /Applications/MAMP/htdocs/kds-dev/frontend/controllers/PeopleController.php:54
Stack trace:
#0 [internal function]: yii\base\ErrorHandler->handleFatalError()
#1 {main}
2016-02-16 10:30:40 [::1][1][6ccb088f5c3f22e1b1c33271d1b598ed][info][application] $_GET = [
    'r' => 'people/view'
    'id' => '13'
    '_pjax' => '#w1'
]

$_COOKIE = [
    '_csrf' => '5ee01b1507ce94b3bbbbba2342af184519f84cbe810417c0d6a625cab2808388a:2:{i:0;s:5:\"_csrf\";i:1;s:32:\"dRYyFn-1v2SihYSzskebNJs_az5qapSe\";}'
    'PHPSESSID' => '6ccb088f5c3f22e1b1c33271d1b598ed'
    '_identity' => '8a451bef1c9e79c505c8a45002b0b9f99ee14281727922c7c18d00cc62a83cdfa:2:{i:0;s:9:\"_identity\";i:1;s:46:\"[1,\"wq6FlOY1ZsioNc2FGU01PubMORGIuf5X\",2592000]\";}'
]

$_SESSION = [
    '__flash' => []
    '__id' => 1
]

$_SERVER = [
    'HTTP_HOST' => 'localhost'
    'HTTP_CONNECTION' => 'keep-alive'
    'HTTP_X_CSRF_TOKEN' => 'Vk5HTi5HTGgyHB43aClhWSB8FCdGHh8SJSUiLGANPzc3NHI/TzcfDQ=='
    'HTTP_USER_AGENT' => 'Mozilla/5.0 (Macintosh; Intel Mac OS X 10_11_3) AppleWebKit/537.36 (KHTML, like Gecko) Chrome/48.0.2564.109 Safari/537.36'
    'CONTENT_TYPE' => 'application/x-www-form-urlencoded; charset=UTF-8'
    'HTTP_ACCEPT' => 'text/html, */*; q=0.01'
    'HTTP_X_REQUESTED_WITH' => 'XMLHttpRequest'
    'HTTP_X_PJAX' => 'true'
    'HTTP_X_PJAX_CONTAINER' => '#w1'
    'HTTP_REFERER' => 'http://localhost/kds-dev/frontend/web/index.php?r=people%2Findex'
    'HTTP_ACCEPT_ENCODING' => 'gzip, deflate, sdch'
    'HTTP_ACCEPT_LANGUAGE' => 'en-US,en;q=0.8,ms;q=0.6,id;q=0.4'
    'HTTP_COOKIE' => '_csrf=5ee01b1507ce94b3bbbbba2342af184519f84cbe810417c0d6a625cab2808388a%3A2%3A%7Bi%3A0%3Bs%3A5%3A%22_csrf%22%3Bi%3A1%3Bs%3A32%3A%22dRYyFn-1v2SihYSzskebNJs_az5qapSe%22%3B%7D; PHPSESSID=6ccb088f5c3f22e1b1c33271d1b598ed; _identity=8a451bef1c9e79c505c8a45002b0b9f99ee14281727922c7c18d00cc62a83cdfa%3A2%3A%7Bi%3A0%3Bs%3A9%3A%22_identity%22%3Bi%3A1%3Bs%3A46%3A%22%5B1%2C%22wq6FlOY1ZsioNc2FGU01PubMORGIuf5X%22%2C2592000%5D%22%3B%7D'
    'PATH' => '/usr/bin:/bin:/usr/sbin:/sbin'
    'SERVER_SIGNATURE' => ''
    'SERVER_SOFTWARE' => 'Apache'
    'SERVER_NAME' => 'localhost'
    'SERVER_ADDR' => '::1'
    'SERVER_PORT' => '80'
    'REMOTE_ADDR' => '::1'
    'DOCUMENT_ROOT' => '/Applications/MAMP/htdocs'
    'SERVER_ADMIN' => 'you@example.com'
    'SCRIPT_FILENAME' => '/Applications/MAMP/htdocs/kds-dev/frontend/web/index.php'
    'REMOTE_PORT' => '62707'
    'GATEWAY_INTERFACE' => 'CGI/1.1'
    'SERVER_PROTOCOL' => 'HTTP/1.1'
    'REQUEST_METHOD' => 'GET'
    'QUERY_STRING' => 'r=people%2Fview&id=13&_pjax=%23w1'
    'REQUEST_URI' => '/kds-dev/frontend/web/index.php?r=people%2Fview&id=13&_pjax=%23w1'
    'SCRIPT_NAME' => '/kds-dev/frontend/web/index.php'
    'PHP_SELF' => '/kds-dev/frontend/web/index.php'
    'REQUEST_TIME_FLOAT' => 1455589840.09
    'REQUEST_TIME' => 1455589840
    'argv' => [
        0 => 'r=people%2Fview&id=13&_pjax=%23w1'
    ]
    'argc' => 1
]
2016-02-16 10:30:41 [::1][1][6ccb088f5c3f22e1b1c33271d1b598ed][error][yii\base\ErrorException:1] exception 'yii\base\ErrorException' with message 'Class 'frontend\controllers\ActiveDataProvider' not found' in /Applications/MAMP/htdocs/kds-dev/frontend/controllers/PeopleController.php:54
Stack trace:
#0 [internal function]: yii\base\ErrorHandler->handleFatalError()
#1 {main}
2016-02-16 10:30:40 [::1][1][6ccb088f5c3f22e1b1c33271d1b598ed][info][application] $_GET = [
    'r' => 'people/view'
    'id' => '13'
]

$_COOKIE = [
    '_csrf' => '5ee01b1507ce94b3bbbbba2342af184519f84cbe810417c0d6a625cab2808388a:2:{i:0;s:5:\"_csrf\";i:1;s:32:\"dRYyFn-1v2SihYSzskebNJs_az5qapSe\";}'
    'PHPSESSID' => '6ccb088f5c3f22e1b1c33271d1b598ed'
    '_identity' => '8a451bef1c9e79c505c8a45002b0b9f99ee14281727922c7c18d00cc62a83cdfa:2:{i:0;s:9:\"_identity\";i:1;s:46:\"[1,\"wq6FlOY1ZsioNc2FGU01PubMORGIuf5X\",2592000]\";}'
]

$_SESSION = [
    '__flash' => []
    '__id' => 1
]

$_SERVER = [
    'HTTP_HOST' => 'localhost'
    'HTTP_CONNECTION' => 'keep-alive'
    'HTTP_ACCEPT' => 'text/html,application/xhtml+xml,application/xml;q=0.9,image/webp,*/*;q=0.8'
    'HTTP_UPGRADE_INSECURE_REQUESTS' => '1'
    'HTTP_USER_AGENT' => 'Mozilla/5.0 (Macintosh; Intel Mac OS X 10_11_3) AppleWebKit/537.36 (KHTML, like Gecko) Chrome/48.0.2564.109 Safari/537.36'
    'HTTP_REFERER' => 'http://localhost/kds-dev/frontend/web/index.php?r=people%2Findex'
    'HTTP_ACCEPT_ENCODING' => 'gzip, deflate, sdch'
    'HTTP_ACCEPT_LANGUAGE' => 'en-US,en;q=0.8,ms;q=0.6,id;q=0.4'
    'HTTP_COOKIE' => '_csrf=5ee01b1507ce94b3bbbbba2342af184519f84cbe810417c0d6a625cab2808388a%3A2%3A%7Bi%3A0%3Bs%3A5%3A%22_csrf%22%3Bi%3A1%3Bs%3A32%3A%22dRYyFn-1v2SihYSzskebNJs_az5qapSe%22%3B%7D; PHPSESSID=6ccb088f5c3f22e1b1c33271d1b598ed; _identity=8a451bef1c9e79c505c8a45002b0b9f99ee14281727922c7c18d00cc62a83cdfa%3A2%3A%7Bi%3A0%3Bs%3A9%3A%22_identity%22%3Bi%3A1%3Bs%3A46%3A%22%5B1%2C%22wq6FlOY1ZsioNc2FGU01PubMORGIuf5X%22%2C2592000%5D%22%3B%7D'
    'PATH' => '/usr/bin:/bin:/usr/sbin:/sbin'
    'SERVER_SIGNATURE' => ''
    'SERVER_SOFTWARE' => 'Apache'
    'SERVER_NAME' => 'localhost'
    'SERVER_ADDR' => '::1'
    'SERVER_PORT' => '80'
    'REMOTE_ADDR' => '::1'
    'DOCUMENT_ROOT' => '/Applications/MAMP/htdocs'
    'SERVER_ADMIN' => 'you@example.com'
    'SCRIPT_FILENAME' => '/Applications/MAMP/htdocs/kds-dev/frontend/web/index.php'
    'REMOTE_PORT' => '62784'
    'GATEWAY_INTERFACE' => 'CGI/1.1'
    'SERVER_PROTOCOL' => 'HTTP/1.1'
    'REQUEST_METHOD' => 'GET'
    'QUERY_STRING' => 'r=people%2Fview&id=13'
    'REQUEST_URI' => '/kds-dev/frontend/web/index.php?r=people%2Fview&id=13'
    'SCRIPT_NAME' => '/kds-dev/frontend/web/index.php'
    'PHP_SELF' => '/kds-dev/frontend/web/index.php'
    'REQUEST_TIME_FLOAT' => 1455589840.48
    'REQUEST_TIME' => 1455589840
    'argv' => [
        0 => 'r=people%2Fview&id=13'
    ]
    'argc' => 1
]
2016-02-16 10:31:25 [::1][1][6ccb088f5c3f22e1b1c33271d1b598ed][error][yii\base\ErrorException:1] exception 'yii\base\ErrorException' with message 'Class 'GridView' not found' in /Applications/MAMP/htdocs/kds-dev/frontend/views/people/view.php:235
Stack trace:
#0 [internal function]: yii\base\ErrorHandler->handleFatalError()
#1 {main}
2016-02-16 10:31:25 [::1][1][6ccb088f5c3f22e1b1c33271d1b598ed][info][application] $_GET = [
    'r' => 'people/view'
    'id' => '13'
]

$_COOKIE = [
    '_csrf' => '5ee01b1507ce94b3bbbbba2342af184519f84cbe810417c0d6a625cab2808388a:2:{i:0;s:5:\"_csrf\";i:1;s:32:\"dRYyFn-1v2SihYSzskebNJs_az5qapSe\";}'
    'PHPSESSID' => '6ccb088f5c3f22e1b1c33271d1b598ed'
    '_identity' => '8a451bef1c9e79c505c8a45002b0b9f99ee14281727922c7c18d00cc62a83cdfa:2:{i:0;s:9:\"_identity\";i:1;s:46:\"[1,\"wq6FlOY1ZsioNc2FGU01PubMORGIuf5X\",2592000]\";}'
]

$_SESSION = [
    '__flash' => []
    '__id' => 1
]

$_SERVER = [
    'HTTP_HOST' => 'localhost'
    'HTTP_CONNECTION' => 'keep-alive'
    'HTTP_CACHE_CONTROL' => 'max-age=0'
    'HTTP_ACCEPT' => 'text/html,application/xhtml+xml,application/xml;q=0.9,image/webp,*/*;q=0.8'
    'HTTP_UPGRADE_INSECURE_REQUESTS' => '1'
    'HTTP_USER_AGENT' => 'Mozilla/5.0 (Macintosh; Intel Mac OS X 10_11_3) AppleWebKit/537.36 (KHTML, like Gecko) Chrome/48.0.2564.109 Safari/537.36'
    'HTTP_REFERER' => 'http://localhost/kds-dev/frontend/web/index.php?r=people%2Findex'
    'HTTP_ACCEPT_ENCODING' => 'gzip, deflate, sdch'
    'HTTP_ACCEPT_LANGUAGE' => 'en-US,en;q=0.8,ms;q=0.6,id;q=0.4'
    'HTTP_COOKIE' => '_csrf=5ee01b1507ce94b3bbbbba2342af184519f84cbe810417c0d6a625cab2808388a%3A2%3A%7Bi%3A0%3Bs%3A5%3A%22_csrf%22%3Bi%3A1%3Bs%3A32%3A%22dRYyFn-1v2SihYSzskebNJs_az5qapSe%22%3B%7D; PHPSESSID=6ccb088f5c3f22e1b1c33271d1b598ed; _identity=8a451bef1c9e79c505c8a45002b0b9f99ee14281727922c7c18d00cc62a83cdfa%3A2%3A%7Bi%3A0%3Bs%3A9%3A%22_identity%22%3Bi%3A1%3Bs%3A46%3A%22%5B1%2C%22wq6FlOY1ZsioNc2FGU01PubMORGIuf5X%22%2C2592000%5D%22%3B%7D'
    'PATH' => '/usr/bin:/bin:/usr/sbin:/sbin'
    'SERVER_SIGNATURE' => ''
    'SERVER_SOFTWARE' => 'Apache'
    'SERVER_NAME' => 'localhost'
    'SERVER_ADDR' => '::1'
    'SERVER_PORT' => '80'
    'REMOTE_ADDR' => '::1'
    'DOCUMENT_ROOT' => '/Applications/MAMP/htdocs'
    'SERVER_ADMIN' => 'you@example.com'
    'SCRIPT_FILENAME' => '/Applications/MAMP/htdocs/kds-dev/frontend/web/index.php'
    'REMOTE_PORT' => '63314'
    'GATEWAY_INTERFACE' => 'CGI/1.1'
    'SERVER_PROTOCOL' => 'HTTP/1.1'
    'REQUEST_METHOD' => 'GET'
    'QUERY_STRING' => 'r=people%2Fview&id=13'
    'REQUEST_URI' => '/kds-dev/frontend/web/index.php?r=people%2Fview&id=13'
    'SCRIPT_NAME' => '/kds-dev/frontend/web/index.php'
    'PHP_SELF' => '/kds-dev/frontend/web/index.php'
    'REQUEST_TIME_FLOAT' => 1455589885.61
    'REQUEST_TIME' => 1455589885
    'argv' => [
        0 => 'r=people%2Fview&id=13'
    ]
    'argc' => 1
]
